17:22:47 INFO  : Registering command handlers for SDK TCF services
17:22:48 INFO  : Launching XSCT server: xsct -n -interactive /home/hectorh/Documents/projects/sarao/skarab2/kutlengrepo/kutleng_skarab2_control_software/casperbsp/mblazecasperfpga/ecplisews/temp_xsdb_launch_script.tcl
17:22:50 INFO  : XSCT server has started successfully.
17:22:50 INFO  : Successfully done setting XSCT server connection channel  
17:22:51 INFO  : Successfully done setting SDK workspace  
17:24:39 INFO  : Registering command handlers for SDK TCF services
17:24:40 INFO  : Launching XSCT server: xsct -n -interactive /home/hectorh/Documents/projects/sarao/skarab2/kutlengrepo/kutleng_skarab2_control_software/casperbsp/mblazecasperfpga/ecplisews/temp_xsdb_launch_script.tcl
17:24:42 INFO  : XSCT server has started successfully.
17:24:42 INFO  : Successfully done setting XSCT server connection channel  
17:24:42 INFO  : Successfully done setting SDK workspace  
17:24:42 INFO  : Processing command line option -hwspec /home/hectorh/Documents/projects/sarao/skarab2/kutlengrepo/kutleng_skarab2_control_software/casperbsp/mblazecasperfpga/gmactop.hdf.
17:34:39 INFO  : Connected to target on host '127.0.0.1' and port '3121'.
17:35:12 INFO  : 'targets -set -filter {jtag_cable_name =~ "Digilent JTAG-SMT2NC 210308A3B41C" && level==0} -index 0' command is executed.
17:35:12 INFO  : 'fpga -state' command is executed.
17:35:12 INFO  : Connected to target on host '127.0.0.1' and port '3121'.
17:35:12 INFO  : Jtag cable 'Digilent JTAG-SMT2NC 210308A3B41C' is selected.
17:35:12 INFO  : 'jtag frequency' command is executed.
17:35:12 INFO  : 'configparams mdm-detect-bscan-mask 2' command is executed.
17:35:12 INFO  : Context for processor 'microblaze_0' is selected.
17:35:12 INFO  : Processor reset is completed for 'microblaze_0'.
17:35:12 INFO  : Context for processor 'microblaze_0' is selected.
17:35:13 INFO  : The application '/home/hectorh/Documents/projects/sarao/skarab2/kutlengrepo/kutleng_skarab2_control_software/casperbsp/mblazecasperfpga/ecplisews/testharness/Debug/testharness.elf' is downloaded to processor 'microblaze_0'.
17:35:13 INFO  : ----------------XSDB Script----------------
connect -url tcp:127.0.0.1:3121
configparams mdm-detect-bscan-mask 2
targets -set -nocase -filter {name =~ "microblaze*#0" && bscan=="USER2"  && jtag_cable_name =~ "Digilent JTAG-SMT2NC 210308A3B41C"} -index 0
rst -processor
targets -set -nocase -filter {name =~ "microblaze*#0" && bscan=="USER2"  && jtag_cable_name =~ "Digilent JTAG-SMT2NC 210308A3B41C"} -index 0
dow /home/hectorh/Documents/projects/sarao/skarab2/kutlengrepo/kutleng_skarab2_control_software/casperbsp/mblazecasperfpga/ecplisews/testharness/Debug/testharness.elf
----------------End of Script----------------

17:35:13 INFO  : Memory regions updated for context PA
17:35:13 INFO  : Memory regions updated for context PA
17:35:13 INFO  : Context for processor 'microblaze_0' is selected.
17:35:13 INFO  : 'con' command is executed.
17:35:13 INFO  : ----------------XSDB Script (After Launch)----------------
targets -set -nocase -filter {name =~ "microblaze*#0" && bscan=="USER2"  && jtag_cable_name =~ "Digilent JTAG-SMT2NC 210308A3B41C"} -index 0
con
----------------End of Script----------------

17:35:13 INFO  : Launch script is exported to file '/home/hectorh/Documents/projects/sarao/skarab2/kutlengrepo/kutleng_skarab2_control_software/casperbsp/mblazecasperfpga/ecplisews/.sdk/launch_scripts/xilinx_c-c++_application_(system_debugger)/system_debugger_using_debug_testharness.elf_on_local.tcl'
17:50:46 INFO  : Disconnected from the channel tcfchan#1.
17:50:47 INFO  : 'targets -set -filter {jtag_cable_name =~ "Digilent JTAG-SMT2NC 210308A3B41C" && level==0} -index 0' command is executed.
17:50:47 INFO  : 'fpga -state' command is executed.
17:50:47 INFO  : Connected to target on host '127.0.0.1' and port '3121'.
17:50:47 INFO  : Jtag cable 'Digilent JTAG-SMT2NC 210308A3B41C' is selected.
17:50:47 INFO  : 'jtag frequency' command is executed.
17:50:47 INFO  : 'configparams mdm-detect-bscan-mask 2' command is executed.
17:50:47 INFO  : Context for processor 'microblaze_0' is selected.
17:50:47 INFO  : Processor reset is completed for 'microblaze_0'.
17:50:47 INFO  : Context for processor 'microblaze_0' is selected.
17:50:47 INFO  : The application '/home/hectorh/Documents/projects/sarao/skarab2/kutlengrepo/kutleng_skarab2_control_software/casperbsp/mblazecasperfpga/ecplisews/testharness/Debug/testharness.elf' is downloaded to processor 'microblaze_0'.
17:50:47 INFO  : ----------------XSDB Script----------------
connect -url tcp:127.0.0.1:3121
configparams mdm-detect-bscan-mask 2
targets -set -nocase -filter {name =~ "microblaze*#0" && bscan=="USER2"  && jtag_cable_name =~ "Digilent JTAG-SMT2NC 210308A3B41C"} -index 0
rst -processor
targets -set -nocase -filter {name =~ "microblaze*#0" && bscan=="USER2"  && jtag_cable_name =~ "Digilent JTAG-SMT2NC 210308A3B41C"} -index 0
dow /home/hectorh/Documents/projects/sarao/skarab2/kutlengrepo/kutleng_skarab2_control_software/casperbsp/mblazecasperfpga/ecplisews/testharness/Debug/testharness.elf
----------------End of Script----------------

17:50:47 INFO  : Memory regions updated for context PA
17:50:47 INFO  : Memory regions updated for context PA
17:50:47 INFO  : Context for processor 'microblaze_0' is selected.
17:50:47 INFO  : 'con' command is executed.
17:50:47 INFO  : ----------------XSDB Script (After Launch)----------------
targets -set -nocase -filter {name =~ "microblaze*#0" && bscan=="USER2"  && jtag_cable_name =~ "Digilent JTAG-SMT2NC 210308A3B41C"} -index 0
con
----------------End of Script----------------

17:50:47 INFO  : Launch script is exported to file '/home/hectorh/Documents/projects/sarao/skarab2/kutlengrepo/kutleng_skarab2_control_software/casperbsp/mblazecasperfpga/ecplisews/.sdk/launch_scripts/xilinx_c-c++_application_(system_debugger)/system_debugger_using_debug_testharness.elf_on_local.tcl'
18:42:26 INFO  : Disconnected from the channel tcfchan#2.
18:42:27 INFO  : 'targets -set -filter {jtag_cable_name =~ "Digilent JTAG-SMT2NC 210308A3B41C" && level==0} -index 0' command is executed.
18:42:27 INFO  : 'fpga -state' command is executed.
18:42:27 INFO  : Connected to target on host '127.0.0.1' and port '3121'.
18:42:27 INFO  : Jtag cable 'Digilent JTAG-SMT2NC 210308A3B41C' is selected.
18:42:27 INFO  : 'jtag frequency' command is executed.
18:42:27 INFO  : 'configparams mdm-detect-bscan-mask 2' command is executed.
18:42:27 INFO  : Context for processor 'microblaze_0' is selected.
18:42:27 INFO  : Processor reset is completed for 'microblaze_0'.
18:42:27 INFO  : Context for processor 'microblaze_0' is selected.
18:42:27 INFO  : The application '/home/hectorh/Documents/projects/sarao/skarab2/kutlengrepo/kutleng_skarab2_control_software/casperbsp/mblazecasperfpga/ecplisews/testharness/Debug/testharness.elf' is downloaded to processor 'microblaze_0'.
18:42:27 INFO  : ----------------XSDB Script----------------
connect -url tcp:127.0.0.1:3121
configparams mdm-detect-bscan-mask 2
targets -set -nocase -filter {name =~ "microblaze*#0" && bscan=="USER2"  && jtag_cable_name =~ "Digilent JTAG-SMT2NC 210308A3B41C"} -index 0
rst -processor
targets -set -nocase -filter {name =~ "microblaze*#0" && bscan=="USER2"  && jtag_cable_name =~ "Digilent JTAG-SMT2NC 210308A3B41C"} -index 0
dow /home/hectorh/Documents/projects/sarao/skarab2/kutlengrepo/kutleng_skarab2_control_software/casperbsp/mblazecasperfpga/ecplisews/testharness/Debug/testharness.elf
----------------End of Script----------------

18:42:27 INFO  : Memory regions updated for context PA
18:42:27 INFO  : Memory regions updated for context PA
18:42:27 INFO  : Context for processor 'microblaze_0' is selected.
18:42:27 INFO  : 'con' command is executed.
18:42:27 INFO  : ----------------XSDB Script (After Launch)----------------
targets -set -nocase -filter {name =~ "microblaze*#0" && bscan=="USER2"  && jtag_cable_name =~ "Digilent JTAG-SMT2NC 210308A3B41C"} -index 0
con
----------------End of Script----------------

18:42:27 INFO  : Launch script is exported to file '/home/hectorh/Documents/projects/sarao/skarab2/kutlengrepo/kutleng_skarab2_control_software/casperbsp/mblazecasperfpga/ecplisews/.sdk/launch_scripts/xilinx_c-c++_application_(system_debugger)/system_debugger_using_debug_testharness.elf_on_local.tcl'
18:43:13 INFO  : Disconnected from the channel tcfchan#3.
18:43:35 INFO  : 'targets -set -filter {jtag_cable_name =~ "Digilent JTAG-SMT2NC 210308A3B41C" && level==0} -index 0' command is executed.
18:43:35 INFO  : 'fpga -state' command is executed.
18:43:35 INFO  : Connected to target on host '127.0.0.1' and port '3121'.
18:43:35 INFO  : Jtag cable 'Digilent JTAG-SMT2NC 210308A3B41C' is selected.
18:43:35 INFO  : 'jtag frequency' command is executed.
18:43:35 INFO  : 'configparams mdm-detect-bscan-mask 2' command is executed.
18:43:35 INFO  : Context for processor 'microblaze_0' is selected.
18:43:35 INFO  : Processor reset is completed for 'microblaze_0'.
18:43:35 INFO  : Context for processor 'microblaze_0' is selected.
18:43:35 INFO  : The application '/home/hectorh/Documents/projects/sarao/skarab2/kutlengrepo/kutleng_skarab2_control_software/casperbsp/mblazecasperfpga/ecplisews/testharness/Debug/testharness.elf' is downloaded to processor 'microblaze_0'.
18:43:35 INFO  : ----------------XSDB Script----------------
connect -url tcp:127.0.0.1:3121
configparams mdm-detect-bscan-mask 2
targets -set -nocase -filter {name =~ "microblaze*#0" && bscan=="USER2"  && jtag_cable_name =~ "Digilent JTAG-SMT2NC 210308A3B41C"} -index 0
rst -processor
targets -set -nocase -filter {name =~ "microblaze*#0" && bscan=="USER2"  && jtag_cable_name =~ "Digilent JTAG-SMT2NC 210308A3B41C"} -index 0
dow /home/hectorh/Documents/projects/sarao/skarab2/kutlengrepo/kutleng_skarab2_control_software/casperbsp/mblazecasperfpga/ecplisews/testharness/Debug/testharness.elf
----------------End of Script----------------

18:43:35 INFO  : Memory regions updated for context PA
18:43:35 INFO  : Memory regions updated for context PA
18:43:35 INFO  : Context for processor 'microblaze_0' is selected.
18:43:35 INFO  : 'con' command is executed.
18:43:35 INFO  : ----------------XSDB Script (After Launch)----------------
targets -set -nocase -filter {name =~ "microblaze*#0" && bscan=="USER2"  && jtag_cable_name =~ "Digilent JTAG-SMT2NC 210308A3B41C"} -index 0
con
----------------End of Script----------------

18:43:35 INFO  : Launch script is exported to file '/home/hectorh/Documents/projects/sarao/skarab2/kutlengrepo/kutleng_skarab2_control_software/casperbsp/mblazecasperfpga/ecplisews/.sdk/launch_scripts/xilinx_c-c++_application_(system_debugger)/system_debugger_using_debug_testharness.elf_on_local.tcl'
18:43:49 INFO  : Disconnected from the channel tcfchan#4.
18:44:41 INFO  : 'targets -set -filter {jtag_cable_name =~ "Digilent JTAG-SMT2NC 210308A3B41C" && level==0} -index 0' command is executed.
18:44:41 INFO  : 'fpga -state' command is executed.
18:44:41 INFO  : Connected to target on host '127.0.0.1' and port '3121'.
18:44:41 INFO  : Jtag cable 'Digilent JTAG-SMT2NC 210308A3B41C' is selected.
18:44:41 INFO  : 'jtag frequency' command is executed.
18:44:41 INFO  : 'configparams mdm-detect-bscan-mask 2' command is executed.
18:44:41 INFO  : Context for processor 'microblaze_0' is selected.
18:44:41 INFO  : Processor reset is completed for 'microblaze_0'.
18:44:41 INFO  : Context for processor 'microblaze_0' is selected.
18:44:42 INFO  : The application '/home/hectorh/Documents/projects/sarao/skarab2/kutlengrepo/kutleng_skarab2_control_software/casperbsp/mblazecasperfpga/ecplisews/testharness/Debug/testharness.elf' is downloaded to processor 'microblaze_0'.
18:44:42 INFO  : ----------------XSDB Script----------------
connect -url tcp:127.0.0.1:3121
configparams mdm-detect-bscan-mask 2
targets -set -nocase -filter {name =~ "microblaze*#0" && bscan=="USER2"  && jtag_cable_name =~ "Digilent JTAG-SMT2NC 210308A3B41C"} -index 0
rst -processor
targets -set -nocase -filter {name =~ "microblaze*#0" && bscan=="USER2"  && jtag_cable_name =~ "Digilent JTAG-SMT2NC 210308A3B41C"} -index 0
dow /home/hectorh/Documents/projects/sarao/skarab2/kutlengrepo/kutleng_skarab2_control_software/casperbsp/mblazecasperfpga/ecplisews/testharness/Debug/testharness.elf
----------------End of Script----------------

19:48:24 INFO  : Disconnected from the channel tcfchan#5.
07:47:37 INFO  : Registering command handlers for SDK TCF services
07:47:38 INFO  : Launching XSCT server: xsct -n -interactive /home/hectorh/Documents/projects/sarao/skarab2/kutlengrepo/kutleng_skarab2_control_software/casperbsp/mblazecasperfpga/ecplisews/temp_xsdb_launch_script.tcl
07:47:40 INFO  : XSCT server has started successfully.
07:47:40 INFO  : Successfully done setting XSCT server connection channel  
07:47:40 INFO  : Successfully done setting SDK workspace  
08:04:47 INFO  : 'targets -set -filter {jtag_cable_name =~ "Digilent JTAG-SMT2NC 210308A3B41C" && level==0} -index 0' command is executed.
08:04:47 INFO  : 'fpga -state' command is executed.
08:04:47 INFO  : Connected to target on host '127.0.0.1' and port '3121'.
08:04:47 INFO  : Jtag cable 'Digilent JTAG-SMT2NC 210308A3B41C' is selected.
08:04:47 INFO  : 'jtag frequency' command is executed.
08:04:47 INFO  : 'configparams mdm-detect-bscan-mask 2' command is executed.
08:04:47 INFO  : Context for processor 'microblaze_0' is selected.
08:04:47 INFO  : Processor reset is completed for 'microblaze_0'.
08:04:47 INFO  : Context for processor 'microblaze_0' is selected.
08:04:47 INFO  : The application '/home/hectorh/Documents/projects/sarao/skarab2/kutlengrepo/kutleng_skarab2_control_software/casperbsp/mblazecasperfpga/ecplisews/testharness/Debug/testharness.elf' is downloaded to processor 'microblaze_0'.
08:04:47 INFO  : ----------------XSDB Script----------------
connect -url tcp:127.0.0.1:3121
configparams mdm-detect-bscan-mask 2
targets -set -nocase -filter {name =~ "microblaze*#0" && bscan=="USER2"  && jtag_cable_name =~ "Digilent JTAG-SMT2NC 210308A3B41C"} -index 0
rst -processor
targets -set -nocase -filter {name =~ "microblaze*#0" && bscan=="USER2"  && jtag_cable_name =~ "Digilent JTAG-SMT2NC 210308A3B41C"} -index 0
dow /home/hectorh/Documents/projects/sarao/skarab2/kutlengrepo/kutleng_skarab2_control_software/casperbsp/mblazecasperfpga/ecplisews/testharness/Debug/testharness.elf
----------------End of Script----------------

09:19:31 INFO  : Registering command handlers for SDK TCF services
09:19:32 INFO  : Launching XSCT server: xsct -n -interactive /home/hectorh/Documents/projects/sarao/skarab2/kutlengrepo/kutleng_skarab2_control_software/casperbsp/mblazecasperfpga/ecplisews/temp_xsdb_launch_script.tcl
09:19:34 INFO  : XSCT server has started successfully.
09:19:34 INFO  : Successfully done setting XSCT server connection channel  
09:19:34 INFO  : Successfully done setting SDK workspace  
09:49:41 INFO  : 'targets -set -filter {jtag_cable_name =~ "Digilent JTAG-SMT2NC 210308A3B41C" && level==0} -index 0' command is executed.
09:49:41 INFO  : 'fpga -state' command is executed.
09:49:41 INFO  : Connected to target on host '127.0.0.1' and port '3121'.
09:49:41 INFO  : Jtag cable 'Digilent JTAG-SMT2NC 210308A3B41C' is selected.
09:49:41 INFO  : 'jtag frequency' command is executed.
09:49:41 INFO  : 'configparams mdm-detect-bscan-mask 2' command is executed.
09:49:41 INFO  : Context for processor 'microblaze_0' is selected.
09:49:41 INFO  : Processor reset is completed for 'microblaze_0'.
09:49:41 INFO  : Context for processor 'microblaze_0' is selected.
09:49:41 INFO  : The application '/home/hectorh/Documents/projects/sarao/skarab2/kutlengrepo/kutleng_skarab2_control_software/casperbsp/mblazecasperfpga/ecplisews/testharness/Debug/testharness.elf' is downloaded to processor 'microblaze_0'.
09:49:41 INFO  : ----------------XSDB Script----------------
connect -url tcp:127.0.0.1:3121
configparams mdm-detect-bscan-mask 2
targets -set -nocase -filter {name =~ "microblaze*#0" && bscan=="USER2"  && jtag_cable_name =~ "Digilent JTAG-SMT2NC 210308A3B41C"} -index 0
rst -processor
targets -set -nocase -filter {name =~ "microblaze*#0" && bscan=="USER2"  && jtag_cable_name =~ "Digilent JTAG-SMT2NC 210308A3B41C"} -index 0
dow /home/hectorh/Documents/projects/sarao/skarab2/kutlengrepo/kutleng_skarab2_control_software/casperbsp/mblazecasperfpga/ecplisews/testharness/Debug/testharness.elf
----------------End of Script----------------

09:50:40 INFO  : Disconnected from the channel tcfchan#1.
10:02:49 INFO  : 'targets -set -filter {jtag_cable_name =~ "Digilent JTAG-SMT2NC 210308A3B41C" && level==0} -index 0' command is executed.
10:02:49 INFO  : 'fpga -state' command is executed.
10:02:49 INFO  : Connected to target on host '127.0.0.1' and port '3121'.
10:02:49 INFO  : Jtag cable 'Digilent JTAG-SMT2NC 210308A3B41C' is selected.
10:02:49 INFO  : 'jtag frequency' command is executed.
10:02:49 INFO  : 'configparams mdm-detect-bscan-mask 2' command is executed.
10:02:49 INFO  : Context for processor 'microblaze_0' is selected.
10:02:49 INFO  : Processor reset is completed for 'microblaze_0'.
10:02:49 INFO  : Context for processor 'microblaze_0' is selected.
10:02:49 INFO  : The application '/home/hectorh/Documents/projects/sarao/skarab2/kutlengrepo/kutleng_skarab2_control_software/casperbsp/mblazecasperfpga/ecplisews/testharness/Debug/testharness.elf' is downloaded to processor 'microblaze_0'.
10:02:49 INFO  : ----------------XSDB Script----------------
connect -url tcp:127.0.0.1:3121
configparams mdm-detect-bscan-mask 2
targets -set -nocase -filter {name =~ "microblaze*#0" && bscan=="USER2"  && jtag_cable_name =~ "Digilent JTAG-SMT2NC 210308A3B41C"} -index 0
rst -processor
targets -set -nocase -filter {name =~ "microblaze*#0" && bscan=="USER2"  && jtag_cable_name =~ "Digilent JTAG-SMT2NC 210308A3B41C"} -index 0
dow /home/hectorh/Documents/projects/sarao/skarab2/kutlengrepo/kutleng_skarab2_control_software/casperbsp/mblazecasperfpga/ecplisews/testharness/Debug/testharness.elf
----------------End of Script----------------

10:04:13 INFO  : Disconnected from the channel tcfchan#2.
10:28:00 INFO  : 'targets -set -filter {jtag_cable_name =~ "Digilent JTAG-SMT2NC 210308A3B41C" && level==0} -index 0' command is executed.
10:28:00 INFO  : 'fpga -state' command is executed.
10:28:00 INFO  : Connected to target on host '127.0.0.1' and port '3121'.
10:28:00 INFO  : Jtag cable 'Digilent JTAG-SMT2NC 210308A3B41C' is selected.
10:28:00 INFO  : 'jtag frequency' command is executed.
10:28:00 INFO  : 'configparams mdm-detect-bscan-mask 2' command is executed.
10:28:00 INFO  : Context for processor 'microblaze_0' is selected.
10:28:00 INFO  : Processor reset is completed for 'microblaze_0'.
10:28:00 INFO  : Context for processor 'microblaze_0' is selected.
10:28:00 INFO  : The application '/home/hectorh/Documents/projects/sarao/skarab2/kutlengrepo/kutleng_skarab2_control_software/casperbsp/mblazecasperfpga/ecplisews/testharness/Debug/testharness.elf' is downloaded to processor 'microblaze_0'.
10:28:00 INFO  : ----------------XSDB Script----------------
connect -url tcp:127.0.0.1:3121
configparams mdm-detect-bscan-mask 2
targets -set -nocase -filter {name =~ "microblaze*#0" && bscan=="USER2"  && jtag_cable_name =~ "Digilent JTAG-SMT2NC 210308A3B41C"} -index 0
rst -processor
targets -set -nocase -filter {name =~ "microblaze*#0" && bscan=="USER2"  && jtag_cable_name =~ "Digilent JTAG-SMT2NC 210308A3B41C"} -index 0
dow /home/hectorh/Documents/projects/sarao/skarab2/kutlengrepo/kutleng_skarab2_control_software/casperbsp/mblazecasperfpga/ecplisews/testharness/Debug/testharness.elf
----------------End of Script----------------

11:09:43 INFO  : Disconnected from the channel tcfchan#3.
11:19:27 INFO  : 'targets -set -filter {jtag_cable_name =~ "Digilent JTAG-SMT2NC 210308A3B41C" && level==0} -index 0' command is executed.
11:19:27 INFO  : 'fpga -state' command is executed.
11:19:27 INFO  : Connected to target on host '127.0.0.1' and port '3121'.
11:19:27 INFO  : Jtag cable 'Digilent JTAG-SMT2NC 210308A3B41C' is selected.
11:19:27 INFO  : 'jtag frequency' command is executed.
11:19:27 INFO  : 'configparams mdm-detect-bscan-mask 2' command is executed.
11:19:27 INFO  : Context for processor 'microblaze_0' is selected.
11:19:27 INFO  : Processor reset is completed for 'microblaze_0'.
11:19:27 INFO  : Context for processor 'microblaze_0' is selected.
11:19:27 INFO  : The application '/home/hectorh/Documents/projects/sarao/skarab2/kutlengrepo/kutleng_skarab2_control_software/casperbsp/mblazecasperfpga/ecplisews/testharness/Debug/testharness.elf' is downloaded to processor 'microblaze_0'.
11:19:27 INFO  : ----------------XSDB Script----------------
connect -url tcp:127.0.0.1:3121
configparams mdm-detect-bscan-mask 2
targets -set -nocase -filter {name =~ "microblaze*#0" && bscan=="USER2"  && jtag_cable_name =~ "Digilent JTAG-SMT2NC 210308A3B41C"} -index 0
rst -processor
targets -set -nocase -filter {name =~ "microblaze*#0" && bscan=="USER2"  && jtag_cable_name =~ "Digilent JTAG-SMT2NC 210308A3B41C"} -index 0
dow /home/hectorh/Documents/projects/sarao/skarab2/kutlengrepo/kutleng_skarab2_control_software/casperbsp/mblazecasperfpga/ecplisews/testharness/Debug/testharness.elf
----------------End of Script----------------

11:21:34 INFO  : Disconnected from the channel tcfchan#4.
11:21:37 INFO  : 'targets -set -filter {jtag_cable_name =~ "Digilent JTAG-SMT2NC 210308A3B41C" && level==0} -index 0' command is executed.
11:21:37 INFO  : 'fpga -state' command is executed.
11:21:37 INFO  : Connected to target on host '127.0.0.1' and port '3121'.
11:21:37 INFO  : Jtag cable 'Digilent JTAG-SMT2NC 210308A3B41C' is selected.
11:21:37 INFO  : 'jtag frequency' command is executed.
11:21:37 INFO  : 'configparams mdm-detect-bscan-mask 2' command is executed.
11:21:37 INFO  : Context for processor 'microblaze_0' is selected.
11:21:37 INFO  : Processor reset is completed for 'microblaze_0'.
11:21:37 INFO  : Context for processor 'microblaze_0' is selected.
11:21:37 INFO  : The application '/home/hectorh/Documents/projects/sarao/skarab2/kutlengrepo/kutleng_skarab2_control_software/casperbsp/mblazecasperfpga/ecplisews/testharness/Debug/testharness.elf' is downloaded to processor 'microblaze_0'.
11:21:37 INFO  : ----------------XSDB Script----------------
connect -url tcp:127.0.0.1:3121
configparams mdm-detect-bscan-mask 2
targets -set -nocase -filter {name =~ "microblaze*#0" && bscan=="USER2"  && jtag_cable_name =~ "Digilent JTAG-SMT2NC 210308A3B41C"} -index 0
rst -processor
targets -set -nocase -filter {name =~ "microblaze*#0" && bscan=="USER2"  && jtag_cable_name =~ "Digilent JTAG-SMT2NC 210308A3B41C"} -index 0
dow /home/hectorh/Documents/projects/sarao/skarab2/kutlengrepo/kutleng_skarab2_control_software/casperbsp/mblazecasperfpga/ecplisews/testharness/Debug/testharness.elf
----------------End of Script----------------

11:22:30 INFO  : Disconnected from the channel tcfchan#5.
11:43:45 INFO  : 'targets -set -filter {jtag_cable_name =~ "Digilent JTAG-SMT2NC 210308A3B41C" && level==0} -index 0' command is executed.
11:43:45 INFO  : 'fpga -state' command is executed.
11:43:45 INFO  : Connected to target on host '127.0.0.1' and port '3121'.
11:43:45 INFO  : Jtag cable 'Digilent JTAG-SMT2NC 210308A3B41C' is selected.
11:43:45 INFO  : 'jtag frequency' command is executed.
11:43:45 INFO  : 'configparams mdm-detect-bscan-mask 2' command is executed.
11:43:45 INFO  : Context for processor 'microblaze_0' is selected.
11:43:45 INFO  : Processor reset is completed for 'microblaze_0'.
11:43:45 INFO  : Context for processor 'microblaze_0' is selected.
11:43:45 INFO  : The application '/home/hectorh/Documents/projects/sarao/skarab2/kutlengrepo/kutleng_skarab2_control_software/casperbsp/mblazecasperfpga/ecplisews/testharness/Debug/testharness.elf' is downloaded to processor 'microblaze_0'.
11:43:45 INFO  : ----------------XSDB Script----------------
connect -url tcp:127.0.0.1:3121
configparams mdm-detect-bscan-mask 2
targets -set -nocase -filter {name =~ "microblaze*#0" && bscan=="USER2"  && jtag_cable_name =~ "Digilent JTAG-SMT2NC 210308A3B41C"} -index 0
rst -processor
targets -set -nocase -filter {name =~ "microblaze*#0" && bscan=="USER2"  && jtag_cable_name =~ "Digilent JTAG-SMT2NC 210308A3B41C"} -index 0
dow /home/hectorh/Documents/projects/sarao/skarab2/kutlengrepo/kutleng_skarab2_control_software/casperbsp/mblazecasperfpga/ecplisews/testharness/Debug/testharness.elf
----------------End of Script----------------

13:22:25 INFO  : Disconnected from the channel tcfchan#6.
13:23:21 INFO  : 'targets -set -filter {jtag_cable_name =~ "Digilent JTAG-SMT2NC 210308A3B41C" && level==0} -index 0' command is executed.
13:23:21 INFO  : 'fpga -state' command is executed.
13:23:21 INFO  : Connected to target on host '127.0.0.1' and port '3121'.
13:23:21 INFO  : Jtag cable 'Digilent JTAG-SMT2NC 210308A3B41C' is selected.
13:23:21 INFO  : 'jtag frequency' command is executed.
13:23:21 INFO  : 'configparams mdm-detect-bscan-mask 2' command is executed.
13:23:21 INFO  : Context for processor 'microblaze_0' is selected.
13:23:21 INFO  : Processor reset is completed for 'microblaze_0'.
13:23:21 INFO  : Context for processor 'microblaze_0' is selected.
13:23:21 INFO  : The application '/home/hectorh/Documents/projects/sarao/skarab2/kutlengrepo/kutleng_skarab2_control_software/casperbsp/mblazecasperfpga/ecplisews/testharness/Debug/testharness.elf' is downloaded to processor 'microblaze_0'.
13:23:21 INFO  : ----------------XSDB Script----------------
connect -url tcp:127.0.0.1:3121
configparams mdm-detect-bscan-mask 2
targets -set -nocase -filter {name =~ "microblaze*#0" && bscan=="USER2"  && jtag_cable_name =~ "Digilent JTAG-SMT2NC 210308A3B41C"} -index 0
rst -processor
targets -set -nocase -filter {name =~ "microblaze*#0" && bscan=="USER2"  && jtag_cable_name =~ "Digilent JTAG-SMT2NC 210308A3B41C"} -index 0
dow /home/hectorh/Documents/projects/sarao/skarab2/kutlengrepo/kutleng_skarab2_control_software/casperbsp/mblazecasperfpga/ecplisews/testharness/Debug/testharness.elf
----------------End of Script----------------

13:31:55 INFO  : Disconnected from the channel tcfchan#7.
13:51:30 INFO  : 'targets -set -filter {jtag_cable_name =~ "Digilent JTAG-SMT2NC 210308A3B41C" && level==0} -index 0' command is executed.
13:51:30 INFO  : 'fpga -state' command is executed.
13:51:30 INFO  : Connected to target on host '127.0.0.1' and port '3121'.
13:51:30 INFO  : Jtag cable 'Digilent JTAG-SMT2NC 210308A3B41C' is selected.
13:51:30 INFO  : 'jtag frequency' command is executed.
13:51:30 INFO  : 'configparams mdm-detect-bscan-mask 2' command is executed.
13:51:30 INFO  : Context for processor 'microblaze_0' is selected.
13:51:30 INFO  : Processor reset is completed for 'microblaze_0'.
13:51:30 INFO  : Context for processor 'microblaze_0' is selected.
13:51:30 INFO  : The application '/home/hectorh/Documents/projects/sarao/skarab2/kutlengrepo/kutleng_skarab2_control_software/casperbsp/mblazecasperfpga/ecplisews/testharness/Debug/testharness.elf' is downloaded to processor 'microblaze_0'.
13:51:30 INFO  : ----------------XSDB Script----------------
connect -url tcp:127.0.0.1:3121
configparams mdm-detect-bscan-mask 2
targets -set -nocase -filter {name =~ "microblaze*#0" && bscan=="USER2"  && jtag_cable_name =~ "Digilent JTAG-SMT2NC 210308A3B41C"} -index 0
rst -processor
targets -set -nocase -filter {name =~ "microblaze*#0" && bscan=="USER2"  && jtag_cable_name =~ "Digilent JTAG-SMT2NC 210308A3B41C"} -index 0
dow /home/hectorh/Documents/projects/sarao/skarab2/kutlengrepo/kutleng_skarab2_control_software/casperbsp/mblazecasperfpga/ecplisews/testharness/Debug/testharness.elf
----------------End of Script----------------

13:57:14 INFO  : Disconnected from the channel tcfchan#8.
14:29:19 INFO  : 'targets -set -filter {jtag_cable_name =~ "Digilent JTAG-SMT2NC 210308A3B41C" && level==0} -index 0' command is executed.
14:29:19 INFO  : 'fpga -state' command is executed.
14:29:19 INFO  : Connected to target on host '127.0.0.1' and port '3121'.
14:29:19 INFO  : Jtag cable 'Digilent JTAG-SMT2NC 210308A3B41C' is selected.
14:29:19 INFO  : 'jtag frequency' command is executed.
14:29:19 INFO  : 'configparams mdm-detect-bscan-mask 2' command is executed.
14:29:19 INFO  : Context for processor 'microblaze_0' is selected.
14:29:19 INFO  : Processor reset is completed for 'microblaze_0'.
14:29:19 INFO  : Context for processor 'microblaze_0' is selected.
14:29:19 INFO  : The application '/home/hectorh/Documents/projects/sarao/skarab2/kutlengrepo/kutleng_skarab2_control_software/casperbsp/mblazecasperfpga/ecplisews/testharness/Debug/testharness.elf' is downloaded to processor 'microblaze_0'.
14:29:19 INFO  : ----------------XSDB Script----------------
connect -url tcp:127.0.0.1:3121
configparams mdm-detect-bscan-mask 2
targets -set -nocase -filter {name =~ "microblaze*#0" && bscan=="USER2"  && jtag_cable_name =~ "Digilent JTAG-SMT2NC 210308A3B41C"} -index 0
rst -processor
targets -set -nocase -filter {name =~ "microblaze*#0" && bscan=="USER2"  && jtag_cable_name =~ "Digilent JTAG-SMT2NC 210308A3B41C"} -index 0
dow /home/hectorh/Documents/projects/sarao/skarab2/kutlengrepo/kutleng_skarab2_control_software/casperbsp/mblazecasperfpga/ecplisews/testharness/Debug/testharness.elf
----------------End of Script----------------

15:36:54 INFO  : Disconnected from the channel tcfchan#9.
15:36:55 INFO  : 'targets -set -filter {jtag_cable_name =~ "Digilent JTAG-SMT2NC 210308A3B41C" && level==0} -index 0' command is executed.
15:36:55 INFO  : 'fpga -state' command is executed.
15:36:55 INFO  : Connected to target on host '127.0.0.1' and port '3121'.
15:36:55 INFO  : Jtag cable 'Digilent JTAG-SMT2NC 210308A3B41C' is selected.
15:36:55 INFO  : 'jtag frequency' command is executed.
15:36:55 INFO  : 'configparams mdm-detect-bscan-mask 2' command is executed.
15:36:55 INFO  : Context for processor 'microblaze_0' is selected.
15:36:55 INFO  : Processor reset is completed for 'microblaze_0'.
15:36:55 INFO  : Context for processor 'microblaze_0' is selected.
15:36:55 INFO  : The application '/home/hectorh/Documents/projects/sarao/skarab2/kutlengrepo/kutleng_skarab2_control_software/casperbsp/mblazecasperfpga/ecplisews/testharness/Debug/testharness.elf' is downloaded to processor 'microblaze_0'.
15:36:55 INFO  : ----------------XSDB Script----------------
connect -url tcp:127.0.0.1:3121
configparams mdm-detect-bscan-mask 2
targets -set -nocase -filter {name =~ "microblaze*#0" && bscan=="USER2"  && jtag_cable_name =~ "Digilent JTAG-SMT2NC 210308A3B41C"} -index 0
rst -processor
targets -set -nocase -filter {name =~ "microblaze*#0" && bscan=="USER2"  && jtag_cable_name =~ "Digilent JTAG-SMT2NC 210308A3B41C"} -index 0
dow /home/hectorh/Documents/projects/sarao/skarab2/kutlengrepo/kutleng_skarab2_control_software/casperbsp/mblazecasperfpga/ecplisews/testharness/Debug/testharness.elf
----------------End of Script----------------

15:38:32 INFO  : Disconnected from the channel tcfchan#10.
15:38:32 INFO  : 'targets -set -filter {jtag_cable_name =~ "Digilent JTAG-SMT2NC 210308A3B41C" && level==0} -index 0' command is executed.
15:38:32 INFO  : 'fpga -state' command is executed.
15:38:32 INFO  : Connected to target on host '127.0.0.1' and port '3121'.
15:38:32 INFO  : Jtag cable 'Digilent JTAG-SMT2NC 210308A3B41C' is selected.
15:38:32 INFO  : 'jtag frequency' command is executed.
15:38:32 INFO  : 'configparams mdm-detect-bscan-mask 2' command is executed.
15:38:32 INFO  : Context for processor 'microblaze_0' is selected.
15:38:32 INFO  : Processor reset is completed for 'microblaze_0'.
15:38:32 INFO  : Context for processor 'microblaze_0' is selected.
15:38:33 INFO  : The application '/home/hectorh/Documents/projects/sarao/skarab2/kutlengrepo/kutleng_skarab2_control_software/casperbsp/mblazecasperfpga/ecplisews/testharness/Debug/testharness.elf' is downloaded to processor 'microblaze_0'.
15:38:33 INFO  : ----------------XSDB Script----------------
connect -url tcp:127.0.0.1:3121
configparams mdm-detect-bscan-mask 2
targets -set -nocase -filter {name =~ "microblaze*#0" && bscan=="USER2"  && jtag_cable_name =~ "Digilent JTAG-SMT2NC 210308A3B41C"} -index 0
rst -processor
targets -set -nocase -filter {name =~ "microblaze*#0" && bscan=="USER2"  && jtag_cable_name =~ "Digilent JTAG-SMT2NC 210308A3B41C"} -index 0
dow /home/hectorh/Documents/projects/sarao/skarab2/kutlengrepo/kutleng_skarab2_control_software/casperbsp/mblazecasperfpga/ecplisews/testharness/Debug/testharness.elf
----------------End of Script----------------

15:40:29 INFO  : Disconnected from the channel tcfchan#11.
15:40:30 INFO  : 'targets -set -filter {jtag_cable_name =~ "Digilent JTAG-SMT2NC 210308A3B41C" && level==0} -index 0' command is executed.
15:40:30 INFO  : 'fpga -state' command is executed.
15:40:30 INFO  : Connected to target on host '127.0.0.1' and port '3121'.
15:40:30 INFO  : Jtag cable 'Digilent JTAG-SMT2NC 210308A3B41C' is selected.
15:40:30 INFO  : 'jtag frequency' command is executed.
15:40:30 INFO  : 'configparams mdm-detect-bscan-mask 2' command is executed.
15:40:30 INFO  : Context for processor 'microblaze_0' is selected.
15:40:30 INFO  : Processor reset is completed for 'microblaze_0'.
15:40:30 INFO  : Context for processor 'microblaze_0' is selected.
15:40:30 INFO  : The application '/home/hectorh/Documents/projects/sarao/skarab2/kutlengrepo/kutleng_skarab2_control_software/casperbsp/mblazecasperfpga/ecplisews/testharness/Debug/testharness.elf' is downloaded to processor 'microblaze_0'.
15:40:30 INFO  : ----------------XSDB Script----------------
connect -url tcp:127.0.0.1:3121
configparams mdm-detect-bscan-mask 2
targets -set -nocase -filter {name =~ "microblaze*#0" && bscan=="USER2"  && jtag_cable_name =~ "Digilent JTAG-SMT2NC 210308A3B41C"} -index 0
rst -processor
targets -set -nocase -filter {name =~ "microblaze*#0" && bscan=="USER2"  && jtag_cable_name =~ "Digilent JTAG-SMT2NC 210308A3B41C"} -index 0
dow /home/hectorh/Documents/projects/sarao/skarab2/kutlengrepo/kutleng_skarab2_control_software/casperbsp/mblazecasperfpga/ecplisews/testharness/Debug/testharness.elf
----------------End of Script----------------

15:42:26 INFO  : Disconnected from the channel tcfchan#12.
15:42:35 INFO  : 'targets -set -filter {jtag_cable_name =~ "Digilent JTAG-SMT2NC 210308A3B41C" && level==0} -index 0' command is executed.
15:42:35 INFO  : 'fpga -state' command is executed.
15:42:35 INFO  : Connected to target on host '127.0.0.1' and port '3121'.
15:42:35 INFO  : Jtag cable 'Digilent JTAG-SMT2NC 210308A3B41C' is selected.
15:42:35 INFO  : 'jtag frequency' command is executed.
15:42:35 INFO  : 'configparams mdm-detect-bscan-mask 2' command is executed.
15:42:35 INFO  : Context for processor 'microblaze_0' is selected.
15:42:35 INFO  : Processor reset is completed for 'microblaze_0'.
15:42:35 INFO  : Context for processor 'microblaze_0' is selected.
15:42:35 INFO  : The application '/home/hectorh/Documents/projects/sarao/skarab2/kutlengrepo/kutleng_skarab2_control_software/casperbsp/mblazecasperfpga/ecplisews/testharness/Debug/testharness.elf' is downloaded to processor 'microblaze_0'.
15:42:35 INFO  : ----------------XSDB Script----------------
connect -url tcp:127.0.0.1:3121
configparams mdm-detect-bscan-mask 2
targets -set -nocase -filter {name =~ "microblaze*#0" && bscan=="USER2"  && jtag_cable_name =~ "Digilent JTAG-SMT2NC 210308A3B41C"} -index 0
rst -processor
targets -set -nocase -filter {name =~ "microblaze*#0" && bscan=="USER2"  && jtag_cable_name =~ "Digilent JTAG-SMT2NC 210308A3B41C"} -index 0
dow /home/hectorh/Documents/projects/sarao/skarab2/kutlengrepo/kutleng_skarab2_control_software/casperbsp/mblazecasperfpga/ecplisews/testharness/Debug/testharness.elf
----------------End of Script----------------

15:43:53 INFO  : Disconnected from the channel tcfchan#13.
15:43:53 INFO  : 'targets -set -filter {jtag_cable_name =~ "Digilent JTAG-SMT2NC 210308A3B41C" && level==0} -index 0' command is executed.
15:43:53 INFO  : 'fpga -state' command is executed.
15:43:53 INFO  : Connected to target on host '127.0.0.1' and port '3121'.
15:43:54 INFO  : Jtag cable 'Digilent JTAG-SMT2NC 210308A3B41C' is selected.
15:43:54 INFO  : 'jtag frequency' command is executed.
15:43:54 INFO  : 'configparams mdm-detect-bscan-mask 2' command is executed.
15:43:54 INFO  : Context for processor 'microblaze_0' is selected.
15:43:54 INFO  : Processor reset is completed for 'microblaze_0'.
15:43:54 INFO  : Context for processor 'microblaze_0' is selected.
15:43:54 INFO  : The application '/home/hectorh/Documents/projects/sarao/skarab2/kutlengrepo/kutleng_skarab2_control_software/casperbsp/mblazecasperfpga/ecplisews/testharness/Debug/testharness.elf' is downloaded to processor 'microblaze_0'.
15:43:54 INFO  : ----------------XSDB Script----------------
connect -url tcp:127.0.0.1:3121
configparams mdm-detect-bscan-mask 2
targets -set -nocase -filter {name =~ "microblaze*#0" && bscan=="USER2"  && jtag_cable_name =~ "Digilent JTAG-SMT2NC 210308A3B41C"} -index 0
rst -processor
targets -set -nocase -filter {name =~ "microblaze*#0" && bscan=="USER2"  && jtag_cable_name =~ "Digilent JTAG-SMT2NC 210308A3B41C"} -index 0
dow /home/hectorh/Documents/projects/sarao/skarab2/kutlengrepo/kutleng_skarab2_control_software/casperbsp/mblazecasperfpga/ecplisews/testharness/Debug/testharness.elf
----------------End of Script----------------

15:48:37 INFO  : Disconnected from the channel tcfchan#14.
15:48:37 INFO  : 'targets -set -filter {jtag_cable_name =~ "Digilent JTAG-SMT2NC 210308A3B41C" && level==0} -index 0' command is executed.
15:48:37 INFO  : 'fpga -state' command is executed.
15:48:37 INFO  : Connected to target on host '127.0.0.1' and port '3121'.
15:48:37 INFO  : Jtag cable 'Digilent JTAG-SMT2NC 210308A3B41C' is selected.
15:48:37 INFO  : 'jtag frequency' command is executed.
15:48:37 INFO  : 'configparams mdm-detect-bscan-mask 2' command is executed.
15:48:37 INFO  : Context for processor 'microblaze_0' is selected.
15:48:37 INFO  : Processor reset is completed for 'microblaze_0'.
15:48:37 INFO  : Context for processor 'microblaze_0' is selected.
15:48:37 INFO  : The application '/home/hectorh/Documents/projects/sarao/skarab2/kutlengrepo/kutleng_skarab2_control_software/casperbsp/mblazecasperfpga/ecplisews/testharness/Debug/testharness.elf' is downloaded to processor 'microblaze_0'.
15:48:37 INFO  : ----------------XSDB Script----------------
connect -url tcp:127.0.0.1:3121
configparams mdm-detect-bscan-mask 2
targets -set -nocase -filter {name =~ "microblaze*#0" && bscan=="USER2"  && jtag_cable_name =~ "Digilent JTAG-SMT2NC 210308A3B41C"} -index 0
rst -processor
targets -set -nocase -filter {name =~ "microblaze*#0" && bscan=="USER2"  && jtag_cable_name =~ "Digilent JTAG-SMT2NC 210308A3B41C"} -index 0
dow /home/hectorh/Documents/projects/sarao/skarab2/kutlengrepo/kutleng_skarab2_control_software/casperbsp/mblazecasperfpga/ecplisews/testharness/Debug/testharness.elf
----------------End of Script----------------

15:49:33 INFO  : Disconnected from the channel tcfchan#15.
15:49:33 INFO  : 'targets -set -filter {jtag_cable_name =~ "Digilent JTAG-SMT2NC 210308A3B41C" && level==0} -index 0' command is executed.
15:49:33 INFO  : 'fpga -state' command is executed.
15:49:33 INFO  : Connected to target on host '127.0.0.1' and port '3121'.
15:49:33 INFO  : Jtag cable 'Digilent JTAG-SMT2NC 210308A3B41C' is selected.
15:49:33 INFO  : 'jtag frequency' command is executed.
15:49:33 INFO  : 'configparams mdm-detect-bscan-mask 2' command is executed.
15:49:33 INFO  : Context for processor 'microblaze_0' is selected.
15:49:33 INFO  : Processor reset is completed for 'microblaze_0'.
15:49:33 INFO  : Context for processor 'microblaze_0' is selected.
15:49:33 INFO  : The application '/home/hectorh/Documents/projects/sarao/skarab2/kutlengrepo/kutleng_skarab2_control_software/casperbsp/mblazecasperfpga/ecplisews/testharness/Debug/testharness.elf' is downloaded to processor 'microblaze_0'.
15:49:33 INFO  : ----------------XSDB Script----------------
connect -url tcp:127.0.0.1:3121
configparams mdm-detect-bscan-mask 2
targets -set -nocase -filter {name =~ "microblaze*#0" && bscan=="USER2"  && jtag_cable_name =~ "Digilent JTAG-SMT2NC 210308A3B41C"} -index 0
rst -processor
targets -set -nocase -filter {name =~ "microblaze*#0" && bscan=="USER2"  && jtag_cable_name =~ "Digilent JTAG-SMT2NC 210308A3B41C"} -index 0
dow /home/hectorh/Documents/projects/sarao/skarab2/kutlengrepo/kutleng_skarab2_control_software/casperbsp/mblazecasperfpga/ecplisews/testharness/Debug/testharness.elf
----------------End of Script----------------

15:49:52 INFO  : Disconnected from the channel tcfchan#16.
15:49:55 INFO  : 'targets -set -filter {jtag_cable_name =~ "Digilent JTAG-SMT2NC 210308A3B41C" && level==0} -index 0' command is executed.
15:49:55 INFO  : 'fpga -state' command is executed.
15:49:55 INFO  : Connected to target on host '127.0.0.1' and port '3121'.
15:49:55 INFO  : Jtag cable 'Digilent JTAG-SMT2NC 210308A3B41C' is selected.
15:49:55 INFO  : 'jtag frequency' command is executed.
15:49:55 INFO  : 'configparams mdm-detect-bscan-mask 2' command is executed.
15:49:55 INFO  : Context for processor 'microblaze_0' is selected.
15:49:55 INFO  : Processor reset is completed for 'microblaze_0'.
15:49:55 INFO  : Context for processor 'microblaze_0' is selected.
15:49:55 INFO  : The application '/home/hectorh/Documents/projects/sarao/skarab2/kutlengrepo/kutleng_skarab2_control_software/casperbsp/mblazecasperfpga/ecplisews/testharness/Debug/testharness.elf' is downloaded to processor 'microblaze_0'.
15:49:55 INFO  : ----------------XSDB Script----------------
connect -url tcp:127.0.0.1:3121
configparams mdm-detect-bscan-mask 2
targets -set -nocase -filter {name =~ "microblaze*#0" && bscan=="USER2"  && jtag_cable_name =~ "Digilent JTAG-SMT2NC 210308A3B41C"} -index 0
rst -processor
targets -set -nocase -filter {name =~ "microblaze*#0" && bscan=="USER2"  && jtag_cable_name =~ "Digilent JTAG-SMT2NC 210308A3B41C"} -index 0
dow /home/hectorh/Documents/projects/sarao/skarab2/kutlengrepo/kutleng_skarab2_control_software/casperbsp/mblazecasperfpga/ecplisews/testharness/Debug/testharness.elf
----------------End of Script----------------

15:51:28 INFO  : Disconnected from the channel tcfchan#17.
16:01:20 INFO  : 'targets -set -filter {jtag_cable_name =~ "Digilent JTAG-SMT2NC 210308A3B41C" && level==0} -index 0' command is executed.
16:01:20 INFO  : 'fpga -state' command is executed.
16:01:20 INFO  : Connected to target on host '127.0.0.1' and port '3121'.
16:01:20 INFO  : Jtag cable 'Digilent JTAG-SMT2NC 210308A3B41C' is selected.
16:01:20 INFO  : 'jtag frequency' command is executed.
16:01:20 INFO  : 'configparams mdm-detect-bscan-mask 2' command is executed.
16:01:20 INFO  : Context for processor 'microblaze_0' is selected.
16:01:20 INFO  : Processor reset is completed for 'microblaze_0'.
16:01:20 INFO  : Context for processor 'microblaze_0' is selected.
16:01:20 INFO  : The application '/home/hectorh/Documents/projects/sarao/skarab2/kutlengrepo/kutleng_skarab2_control_software/casperbsp/mblazecasperfpga/ecplisews/testharness/Debug/testharness.elf' is downloaded to processor 'microblaze_0'.
16:01:20 INFO  : ----------------XSDB Script----------------
connect -url tcp:127.0.0.1:3121
configparams mdm-detect-bscan-mask 2
targets -set -nocase -filter {name =~ "microblaze*#0" && bscan=="USER2"  && jtag_cable_name =~ "Digilent JTAG-SMT2NC 210308A3B41C"} -index 0
rst -processor
targets -set -nocase -filter {name =~ "microblaze*#0" && bscan=="USER2"  && jtag_cable_name =~ "Digilent JTAG-SMT2NC 210308A3B41C"} -index 0
dow /home/hectorh/Documents/projects/sarao/skarab2/kutlengrepo/kutleng_skarab2_control_software/casperbsp/mblazecasperfpga/ecplisews/testharness/Debug/testharness.elf
----------------End of Script----------------

16:02:59 INFO  : Disconnected from the channel tcfchan#18.
16:05:55 INFO  : 'targets -set -filter {jtag_cable_name =~ "Digilent JTAG-SMT2NC 210308A3B41C" && level==0} -index 0' command is executed.
16:05:55 INFO  : 'fpga -state' command is executed.
16:05:55 INFO  : Connected to target on host '127.0.0.1' and port '3121'.
16:05:55 INFO  : Jtag cable 'Digilent JTAG-SMT2NC 210308A3B41C' is selected.
16:05:55 INFO  : 'jtag frequency' command is executed.
16:05:55 INFO  : 'configparams mdm-detect-bscan-mask 2' command is executed.
16:05:55 INFO  : Context for processor 'microblaze_0' is selected.
16:05:55 INFO  : Processor reset is completed for 'microblaze_0'.
16:05:55 INFO  : Context for processor 'microblaze_0' is selected.
16:05:55 INFO  : The application '/home/hectorh/Documents/projects/sarao/skarab2/kutlengrepo/kutleng_skarab2_control_software/casperbsp/mblazecasperfpga/ecplisews/testharness/Debug/testharness.elf' is downloaded to processor 'microblaze_0'.
16:05:55 INFO  : ----------------XSDB Script----------------
connect -url tcp:127.0.0.1:3121
configparams mdm-detect-bscan-mask 2
targets -set -nocase -filter {name =~ "microblaze*#0" && bscan=="USER2"  && jtag_cable_name =~ "Digilent JTAG-SMT2NC 210308A3B41C"} -index 0
rst -processor
targets -set -nocase -filter {name =~ "microblaze*#0" && bscan=="USER2"  && jtag_cable_name =~ "Digilent JTAG-SMT2NC 210308A3B41C"} -index 0
dow /home/hectorh/Documents/projects/sarao/skarab2/kutlengrepo/kutleng_skarab2_control_software/casperbsp/mblazecasperfpga/ecplisews/testharness/Debug/testharness.elf
----------------End of Script----------------

16:06:31 INFO  : Disconnected from the channel tcfchan#19.
16:09:13 INFO  : 'targets -set -filter {jtag_cable_name =~ "Digilent JTAG-SMT2NC 210308A3B41C" && level==0} -index 0' command is executed.
16:09:13 INFO  : 'fpga -state' command is executed.
16:09:13 INFO  : Connected to target on host '127.0.0.1' and port '3121'.
16:09:13 INFO  : Jtag cable 'Digilent JTAG-SMT2NC 210308A3B41C' is selected.
16:09:13 INFO  : 'jtag frequency' command is executed.
16:09:13 INFO  : 'configparams mdm-detect-bscan-mask 2' command is executed.
16:09:13 INFO  : Context for processor 'microblaze_0' is selected.
16:09:13 INFO  : Processor reset is completed for 'microblaze_0'.
16:09:13 INFO  : Context for processor 'microblaze_0' is selected.
16:09:13 INFO  : The application '/home/hectorh/Documents/projects/sarao/skarab2/kutlengrepo/kutleng_skarab2_control_software/casperbsp/mblazecasperfpga/ecplisews/testharness/Debug/testharness.elf' is downloaded to processor 'microblaze_0'.
16:09:13 INFO  : ----------------XSDB Script----------------
connect -url tcp:127.0.0.1:3121
configparams mdm-detect-bscan-mask 2
targets -set -nocase -filter {name =~ "microblaze*#0" && bscan=="USER2"  && jtag_cable_name =~ "Digilent JTAG-SMT2NC 210308A3B41C"} -index 0
rst -processor
targets -set -nocase -filter {name =~ "microblaze*#0" && bscan=="USER2"  && jtag_cable_name =~ "Digilent JTAG-SMT2NC 210308A3B41C"} -index 0
dow /home/hectorh/Documents/projects/sarao/skarab2/kutlengrepo/kutleng_skarab2_control_software/casperbsp/mblazecasperfpga/ecplisews/testharness/Debug/testharness.elf
----------------End of Script----------------

16:09:49 INFO  : Disconnected from the channel tcfchan#20.
16:12:39 INFO  : 'targets -set -filter {jtag_cable_name =~ "Digilent JTAG-SMT2NC 210308A3B41C" && level==0} -index 0' command is executed.
16:12:39 INFO  : 'fpga -state' command is executed.
16:12:39 INFO  : Connected to target on host '127.0.0.1' and port '3121'.
16:12:39 INFO  : Jtag cable 'Digilent JTAG-SMT2NC 210308A3B41C' is selected.
16:12:39 INFO  : 'jtag frequency' command is executed.
16:12:39 INFO  : 'configparams mdm-detect-bscan-mask 2' command is executed.
16:12:39 INFO  : Context for processor 'microblaze_0' is selected.
16:12:39 INFO  : Processor reset is completed for 'microblaze_0'.
16:12:39 INFO  : Context for processor 'microblaze_0' is selected.
16:12:40 INFO  : The application '/home/hectorh/Documents/projects/sarao/skarab2/kutlengrepo/kutleng_skarab2_control_software/casperbsp/mblazecasperfpga/ecplisews/testharness/Debug/testharness.elf' is downloaded to processor 'microblaze_0'.
16:12:40 INFO  : ----------------XSDB Script----------------
connect -url tcp:127.0.0.1:3121
configparams mdm-detect-bscan-mask 2
targets -set -nocase -filter {name =~ "microblaze*#0" && bscan=="USER2"  && jtag_cable_name =~ "Digilent JTAG-SMT2NC 210308A3B41C"} -index 0
rst -processor
targets -set -nocase -filter {name =~ "microblaze*#0" && bscan=="USER2"  && jtag_cable_name =~ "Digilent JTAG-SMT2NC 210308A3B41C"} -index 0
dow /home/hectorh/Documents/projects/sarao/skarab2/kutlengrepo/kutleng_skarab2_control_software/casperbsp/mblazecasperfpga/ecplisews/testharness/Debug/testharness.elf
----------------End of Script----------------

16:13:29 INFO  : Disconnected from the channel tcfchan#21.
16:21:41 INFO  : 'targets -set -filter {jtag_cable_name =~ "Digilent JTAG-SMT2NC 210308A3B41C" && level==0} -index 0' command is executed.
16:21:41 INFO  : 'fpga -state' command is executed.
16:21:41 INFO  : Connected to target on host '127.0.0.1' and port '3121'.
16:21:41 INFO  : Jtag cable 'Digilent JTAG-SMT2NC 210308A3B41C' is selected.
16:21:41 INFO  : 'jtag frequency' command is executed.
16:21:41 INFO  : 'configparams mdm-detect-bscan-mask 2' command is executed.
16:21:42 INFO  : Context for processor 'microblaze_0' is selected.
16:21:42 INFO  : Processor reset is completed for 'microblaze_0'.
16:21:42 INFO  : Context for processor 'microblaze_0' is selected.
16:21:42 INFO  : The application '/home/hectorh/Documents/projects/sarao/skarab2/kutlengrepo/kutleng_skarab2_control_software/casperbsp/mblazecasperfpga/ecplisews/testharness/Debug/testharness.elf' is downloaded to processor 'microblaze_0'.
16:21:42 INFO  : ----------------XSDB Script----------------
connect -url tcp:127.0.0.1:3121
configparams mdm-detect-bscan-mask 2
targets -set -nocase -filter {name =~ "microblaze*#0" && bscan=="USER2"  && jtag_cable_name =~ "Digilent JTAG-SMT2NC 210308A3B41C"} -index 0
rst -processor
targets -set -nocase -filter {name =~ "microblaze*#0" && bscan=="USER2"  && jtag_cable_name =~ "Digilent JTAG-SMT2NC 210308A3B41C"} -index 0
dow /home/hectorh/Documents/projects/sarao/skarab2/kutlengrepo/kutleng_skarab2_control_software/casperbsp/mblazecasperfpga/ecplisews/testharness/Debug/testharness.elf
----------------End of Script----------------

16:22:29 INFO  : Disconnected from the channel tcfchan#22.
16:22:30 INFO  : 'targets -set -filter {jtag_cable_name =~ "Digilent JTAG-SMT2NC 210308A3B41C" && level==0} -index 0' command is executed.
16:22:30 INFO  : 'fpga -state' command is executed.
16:22:30 INFO  : Connected to target on host '127.0.0.1' and port '3121'.
16:22:30 INFO  : Jtag cable 'Digilent JTAG-SMT2NC 210308A3B41C' is selected.
16:22:30 INFO  : 'jtag frequency' command is executed.
16:22:30 INFO  : 'configparams mdm-detect-bscan-mask 2' command is executed.
16:22:30 INFO  : Context for processor 'microblaze_0' is selected.
16:22:30 INFO  : Processor reset is completed for 'microblaze_0'.
16:22:30 INFO  : Context for processor 'microblaze_0' is selected.
16:22:30 INFO  : The application '/home/hectorh/Documents/projects/sarao/skarab2/kutlengrepo/kutleng_skarab2_control_software/casperbsp/mblazecasperfpga/ecplisews/testharness/Debug/testharness.elf' is downloaded to processor 'microblaze_0'.
16:22:30 INFO  : ----------------XSDB Script----------------
connect -url tcp:127.0.0.1:3121
configparams mdm-detect-bscan-mask 2
targets -set -nocase -filter {name =~ "microblaze*#0" && bscan=="USER2"  && jtag_cable_name =~ "Digilent JTAG-SMT2NC 210308A3B41C"} -index 0
rst -processor
targets -set -nocase -filter {name =~ "microblaze*#0" && bscan=="USER2"  && jtag_cable_name =~ "Digilent JTAG-SMT2NC 210308A3B41C"} -index 0
dow /home/hectorh/Documents/projects/sarao/skarab2/kutlengrepo/kutleng_skarab2_control_software/casperbsp/mblazecasperfpga/ecplisews/testharness/Debug/testharness.elf
----------------End of Script----------------

16:23:08 INFO  : Disconnected from the channel tcfchan#23.
16:26:38 INFO  : 'targets -set -filter {jtag_cable_name =~ "Digilent JTAG-SMT2NC 210308A3B41C" && level==0} -index 0' command is executed.
16:26:38 INFO  : 'fpga -state' command is executed.
16:26:38 INFO  : Connected to target on host '127.0.0.1' and port '3121'.
16:26:38 INFO  : Jtag cable 'Digilent JTAG-SMT2NC 210308A3B41C' is selected.
16:26:38 INFO  : 'jtag frequency' command is executed.
16:26:38 INFO  : 'configparams mdm-detect-bscan-mask 2' command is executed.
16:26:38 INFO  : Context for processor 'microblaze_0' is selected.
16:26:38 INFO  : Processor reset is completed for 'microblaze_0'.
16:26:38 INFO  : Context for processor 'microblaze_0' is selected.
16:26:38 INFO  : The application '/home/hectorh/Documents/projects/sarao/skarab2/kutlengrepo/kutleng_skarab2_control_software/casperbsp/mblazecasperfpga/ecplisews/testharness/Debug/testharness.elf' is downloaded to processor 'microblaze_0'.
16:26:38 INFO  : ----------------XSDB Script----------------
connect -url tcp:127.0.0.1:3121
configparams mdm-detect-bscan-mask 2
targets -set -nocase -filter {name =~ "microblaze*#0" && bscan=="USER2"  && jtag_cable_name =~ "Digilent JTAG-SMT2NC 210308A3B41C"} -index 0
rst -processor
targets -set -nocase -filter {name =~ "microblaze*#0" && bscan=="USER2"  && jtag_cable_name =~ "Digilent JTAG-SMT2NC 210308A3B41C"} -index 0
dow /home/hectorh/Documents/projects/sarao/skarab2/kutlengrepo/kutleng_skarab2_control_software/casperbsp/mblazecasperfpga/ecplisews/testharness/Debug/testharness.elf
----------------End of Script----------------

16:28:13 INFO  : Disconnected from the channel tcfchan#24.
16:35:40 INFO  : 'targets -set -filter {jtag_cable_name =~ "Digilent JTAG-SMT2NC 210308A3B41C" && level==0} -index 0' command is executed.
16:35:40 INFO  : 'fpga -state' command is executed.
16:35:40 INFO  : Connected to target on host '127.0.0.1' and port '3121'.
16:35:41 INFO  : Jtag cable 'Digilent JTAG-SMT2NC 210308A3B41C' is selected.
16:35:41 INFO  : 'jtag frequency' command is executed.
16:35:41 INFO  : 'configparams mdm-detect-bscan-mask 2' command is executed.
16:35:41 INFO  : Context for processor 'microblaze_0' is selected.
16:35:41 INFO  : Processor reset is completed for 'microblaze_0'.
16:35:41 INFO  : Context for processor 'microblaze_0' is selected.
16:35:41 INFO  : The application '/home/hectorh/Documents/projects/sarao/skarab2/kutlengrepo/kutleng_skarab2_control_software/casperbsp/mblazecasperfpga/ecplisews/testharness/Debug/testharness.elf' is downloaded to processor 'microblaze_0'.
16:35:41 INFO  : ----------------XSDB Script----------------
connect -url tcp:127.0.0.1:3121
configparams mdm-detect-bscan-mask 2
targets -set -nocase -filter {name =~ "microblaze*#0" && bscan=="USER2"  && jtag_cable_name =~ "Digilent JTAG-SMT2NC 210308A3B41C"} -index 0
rst -processor
targets -set -nocase -filter {name =~ "microblaze*#0" && bscan=="USER2"  && jtag_cable_name =~ "Digilent JTAG-SMT2NC 210308A3B41C"} -index 0
dow /home/hectorh/Documents/projects/sarao/skarab2/kutlengrepo/kutleng_skarab2_control_software/casperbsp/mblazecasperfpga/ecplisews/testharness/Debug/testharness.elf
----------------End of Script----------------

18:27:25 INFO  : Disconnected from the channel tcfchan#25.
18:33:55 INFO  : 'targets -set -filter {jtag_cable_name =~ "Digilent JTAG-SMT2NC 210308A3B41C" && level==0} -index 0' command is executed.
18:33:55 INFO  : 'fpga -state' command is executed.
18:33:55 INFO  : Connected to target on host '127.0.0.1' and port '3121'.
18:33:55 INFO  : Jtag cable 'Digilent JTAG-SMT2NC 210308A3B41C' is selected.
18:33:55 INFO  : 'jtag frequency' command is executed.
18:33:55 INFO  : 'configparams mdm-detect-bscan-mask 2' command is executed.
18:33:55 INFO  : Context for processor 'microblaze_0' is selected.
18:33:55 INFO  : Processor reset is completed for 'microblaze_0'.
18:33:55 INFO  : Context for processor 'microblaze_0' is selected.
18:33:55 INFO  : The application '/home/hectorh/Documents/projects/sarao/skarab2/kutlengrepo/kutleng_skarab2_control_software/casperbsp/mblazecasperfpga/ecplisews/testharness/Debug/testharness.elf' is downloaded to processor 'microblaze_0'.
18:33:55 INFO  : ----------------XSDB Script----------------
connect -url tcp:127.0.0.1:3121
configparams mdm-detect-bscan-mask 2
targets -set -nocase -filter {name =~ "microblaze*#0" && bscan=="USER2"  && jtag_cable_name =~ "Digilent JTAG-SMT2NC 210308A3B41C"} -index 0
rst -processor
targets -set -nocase -filter {name =~ "microblaze*#0" && bscan=="USER2"  && jtag_cable_name =~ "Digilent JTAG-SMT2NC 210308A3B41C"} -index 0
dow /home/hectorh/Documents/projects/sarao/skarab2/kutlengrepo/kutleng_skarab2_control_software/casperbsp/mblazecasperfpga/ecplisews/testharness/Debug/testharness.elf
----------------End of Script----------------

18:38:47 INFO  : Disconnected from the channel tcfchan#26.
18:38:48 INFO  : 'targets -set -filter {jtag_cable_name =~ "Digilent JTAG-SMT2NC 210308A3B41C" && level==0} -index 0' command is executed.
18:38:48 INFO  : 'fpga -state' command is executed.
18:38:48 INFO  : Connected to target on host '127.0.0.1' and port '3121'.
18:38:48 INFO  : Jtag cable 'Digilent JTAG-SMT2NC 210308A3B41C' is selected.
18:38:48 INFO  : 'jtag frequency' command is executed.
18:38:48 INFO  : 'configparams mdm-detect-bscan-mask 2' command is executed.
18:38:48 INFO  : Context for processor 'microblaze_0' is selected.
18:38:48 INFO  : Processor reset is completed for 'microblaze_0'.
18:38:48 INFO  : Context for processor 'microblaze_0' is selected.
18:38:48 INFO  : The application '/home/hectorh/Documents/projects/sarao/skarab2/kutlengrepo/kutleng_skarab2_control_software/casperbsp/mblazecasperfpga/ecplisews/testharness/Debug/testharness.elf' is downloaded to processor 'microblaze_0'.
18:38:48 INFO  : ----------------XSDB Script----------------
connect -url tcp:127.0.0.1:3121
configparams mdm-detect-bscan-mask 2
targets -set -nocase -filter {name =~ "microblaze*#0" && bscan=="USER2"  && jtag_cable_name =~ "Digilent JTAG-SMT2NC 210308A3B41C"} -index 0
rst -processor
targets -set -nocase -filter {name =~ "microblaze*#0" && bscan=="USER2"  && jtag_cable_name =~ "Digilent JTAG-SMT2NC 210308A3B41C"} -index 0
dow /home/hectorh/Documents/projects/sarao/skarab2/kutlengrepo/kutleng_skarab2_control_software/casperbsp/mblazecasperfpga/ecplisews/testharness/Debug/testharness.elf
----------------End of Script----------------

18:41:26 INFO  : Disconnected from the channel tcfchan#27.
10:41:41 INFO  : Registering command handlers for SDK TCF services
10:41:42 INFO  : Launching XSCT server: xsct -n -interactive /home/hectorh/Documents/projects/sarao/skarab2/kutlengrepo/kutleng_skarab2_control_software/casperbsp/mblazecasperfpga/ecplisews/temp_xsdb_launch_script.tcl
10:41:44 INFO  : XSCT server has started successfully.
10:41:44 INFO  : Successfully done setting XSCT server connection channel  
10:41:44 INFO  : Successfully done setting SDK workspace  
10:48:08 INFO  : Connected to target on host '127.0.0.1' and port '3121'.
10:48:08 INFO  : 'targets -set -filter {jtag_cable_name =~ "Digilent JTAG-SMT2NC 210308A3B41C" && level==0} -index 0' command is executed.
10:48:53 INFO  : FPGA configured successfully with bitstream "/home/hectorh/Documents/projects/sarao/skarab2/kutlengrepo/kutleng_skarab2_control_software/casperbsp/mblazecasperfpga/ecplisews/gmactop_hw_platform_0/download.bit"
10:52:58 INFO  : 'targets -set -filter {jtag_cable_name =~ "Digilent JTAG-SMT2NC 210308A3B41C" && level==0} -index 0' command is executed.
10:52:58 INFO  : 'fpga -state' command is executed.
10:52:58 INFO  : Connected to target on host '127.0.0.1' and port '3121'.
10:52:58 INFO  : Jtag cable 'Digilent JTAG-SMT2NC 210308A3B41C' is selected.
10:52:58 INFO  : 'jtag frequency' command is executed.
10:52:58 INFO  : 'configparams mdm-detect-bscan-mask 2' command is executed.
10:52:58 INFO  : Context for processor 'microblaze_0' is selected.
10:52:58 INFO  : Processor reset is completed for 'microblaze_0'.
10:52:58 INFO  : Context for processor 'microblaze_0' is selected.
10:52:58 INFO  : The application '/home/hectorh/Documents/projects/sarao/skarab2/kutlengrepo/kutleng_skarab2_control_software/casperbsp/mblazecasperfpga/ecplisews/testharness/Debug/testharness.elf' is downloaded to processor 'microblaze_0'.
10:52:58 INFO  : ----------------XSDB Script----------------
connect -url tcp:127.0.0.1:3121
configparams mdm-detect-bscan-mask 2
targets -set -nocase -filter {name =~ "microblaze*#0" && bscan=="USER2"  && jtag_cable_name =~ "Digilent JTAG-SMT2NC 210308A3B41C"} -index 0
rst -processor
targets -set -nocase -filter {name =~ "microblaze*#0" && bscan=="USER2"  && jtag_cable_name =~ "Digilent JTAG-SMT2NC 210308A3B41C"} -index 0
dow /home/hectorh/Documents/projects/sarao/skarab2/kutlengrepo/kutleng_skarab2_control_software/casperbsp/mblazecasperfpga/ecplisews/testharness/Debug/testharness.elf
----------------End of Script----------------

10:56:56 INFO  : Disconnected from the channel tcfchan#1.
10:56:57 INFO  : 'targets -set -filter {jtag_cable_name =~ "Digilent JTAG-SMT2NC 210308A3B41C" && level==0} -index 0' command is executed.
10:56:57 INFO  : 'fpga -state' command is executed.
10:56:57 INFO  : Connected to target on host '127.0.0.1' and port '3121'.
10:56:57 INFO  : Jtag cable 'Digilent JTAG-SMT2NC 210308A3B41C' is selected.
10:56:57 INFO  : 'jtag frequency' command is executed.
10:56:57 INFO  : 'configparams mdm-detect-bscan-mask 2' command is executed.
10:56:57 INFO  : Context for processor 'microblaze_0' is selected.
10:56:57 INFO  : Processor reset is completed for 'microblaze_0'.
10:56:57 INFO  : Context for processor 'microblaze_0' is selected.
10:56:57 INFO  : The application '/home/hectorh/Documents/projects/sarao/skarab2/kutlengrepo/kutleng_skarab2_control_software/casperbsp/mblazecasperfpga/ecplisews/testharness/Debug/testharness.elf' is downloaded to processor 'microblaze_0'.
10:56:57 INFO  : ----------------XSDB Script----------------
connect -url tcp:127.0.0.1:3121
configparams mdm-detect-bscan-mask 2
targets -set -nocase -filter {name =~ "microblaze*#0" && bscan=="USER2"  && jtag_cable_name =~ "Digilent JTAG-SMT2NC 210308A3B41C"} -index 0
rst -processor
targets -set -nocase -filter {name =~ "microblaze*#0" && bscan=="USER2"  && jtag_cable_name =~ "Digilent JTAG-SMT2NC 210308A3B41C"} -index 0
dow /home/hectorh/Documents/projects/sarao/skarab2/kutlengrepo/kutleng_skarab2_control_software/casperbsp/mblazecasperfpga/ecplisews/testharness/Debug/testharness.elf
----------------End of Script----------------

11:00:06 INFO  : Disconnected from the channel tcfchan#2.
11:00:07 INFO  : 'targets -set -filter {jtag_cable_name =~ "Digilent JTAG-SMT2NC 210308A3B41C" && level==0} -index 0' command is executed.
11:00:07 INFO  : 'fpga -state' command is executed.
11:00:07 INFO  : Connected to target on host '127.0.0.1' and port '3121'.
11:00:07 INFO  : Jtag cable 'Digilent JTAG-SMT2NC 210308A3B41C' is selected.
11:00:07 INFO  : 'jtag frequency' command is executed.
11:00:07 INFO  : 'configparams mdm-detect-bscan-mask 2' command is executed.
11:00:07 INFO  : Context for processor 'microblaze_0' is selected.
11:00:07 INFO  : Processor reset is completed for 'microblaze_0'.
11:00:07 INFO  : Context for processor 'microblaze_0' is selected.
11:00:07 INFO  : The application '/home/hectorh/Documents/projects/sarao/skarab2/kutlengrepo/kutleng_skarab2_control_software/casperbsp/mblazecasperfpga/ecplisews/testharness/Debug/testharness.elf' is downloaded to processor 'microblaze_0'.
11:00:07 INFO  : ----------------XSDB Script----------------
connect -url tcp:127.0.0.1:3121
configparams mdm-detect-bscan-mask 2
targets -set -nocase -filter {name =~ "microblaze*#0" && bscan=="USER2"  && jtag_cable_name =~ "Digilent JTAG-SMT2NC 210308A3B41C"} -index 0
rst -processor
targets -set -nocase -filter {name =~ "microblaze*#0" && bscan=="USER2"  && jtag_cable_name =~ "Digilent JTAG-SMT2NC 210308A3B41C"} -index 0
dow /home/hectorh/Documents/projects/sarao/skarab2/kutlengrepo/kutleng_skarab2_control_software/casperbsp/mblazecasperfpga/ecplisews/testharness/Debug/testharness.elf
----------------End of Script----------------

11:07:53 INFO  : Disconnected from the channel tcfchan#3.
11:07:54 INFO  : 'targets -set -filter {jtag_cable_name =~ "Digilent JTAG-SMT2NC 210308A3B41C" && level==0} -index 0' command is executed.
11:07:54 INFO  : 'fpga -state' command is executed.
11:07:54 INFO  : Connected to target on host '127.0.0.1' and port '3121'.
11:07:54 INFO  : Jtag cable 'Digilent JTAG-SMT2NC 210308A3B41C' is selected.
11:07:54 INFO  : 'jtag frequency' command is executed.
11:07:54 INFO  : 'configparams mdm-detect-bscan-mask 2' command is executed.
11:07:54 INFO  : Context for processor 'microblaze_0' is selected.
11:07:54 INFO  : Processor reset is completed for 'microblaze_0'.
11:07:54 INFO  : Context for processor 'microblaze_0' is selected.
11:07:54 INFO  : The application '/home/hectorh/Documents/projects/sarao/skarab2/kutlengrepo/kutleng_skarab2_control_software/casperbsp/mblazecasperfpga/ecplisews/testharness/Debug/testharness.elf' is downloaded to processor 'microblaze_0'.
11:07:54 INFO  : ----------------XSDB Script----------------
connect -url tcp:127.0.0.1:3121
configparams mdm-detect-bscan-mask 2
targets -set -nocase -filter {name =~ "microblaze*#0" && bscan=="USER2"  && jtag_cable_name =~ "Digilent JTAG-SMT2NC 210308A3B41C"} -index 0
rst -processor
targets -set -nocase -filter {name =~ "microblaze*#0" && bscan=="USER2"  && jtag_cable_name =~ "Digilent JTAG-SMT2NC 210308A3B41C"} -index 0
dow /home/hectorh/Documents/projects/sarao/skarab2/kutlengrepo/kutleng_skarab2_control_software/casperbsp/mblazecasperfpga/ecplisews/testharness/Debug/testharness.elf
----------------End of Script----------------

11:18:50 INFO  : Disconnected from the channel tcfchan#4.
11:18:51 INFO  : 'targets -set -filter {jtag_cable_name =~ "Digilent JTAG-SMT2NC 210308A3B41C" && level==0} -index 0' command is executed.
11:18:51 INFO  : 'fpga -state' command is executed.
11:18:51 INFO  : Connected to target on host '127.0.0.1' and port '3121'.
11:18:51 INFO  : Jtag cable 'Digilent JTAG-SMT2NC 210308A3B41C' is selected.
11:18:51 INFO  : 'jtag frequency' command is executed.
11:18:51 INFO  : 'configparams mdm-detect-bscan-mask 2' command is executed.
11:18:51 INFO  : Context for processor 'microblaze_0' is selected.
11:18:51 INFO  : Processor reset is completed for 'microblaze_0'.
11:18:51 INFO  : Context for processor 'microblaze_0' is selected.
11:18:51 INFO  : The application '/home/hectorh/Documents/projects/sarao/skarab2/kutlengrepo/kutleng_skarab2_control_software/casperbsp/mblazecasperfpga/ecplisews/testharness/Debug/testharness.elf' is downloaded to processor 'microblaze_0'.
11:18:51 INFO  : ----------------XSDB Script----------------
connect -url tcp:127.0.0.1:3121
configparams mdm-detect-bscan-mask 2
targets -set -nocase -filter {name =~ "microblaze*#0" && bscan=="USER2"  && jtag_cable_name =~ "Digilent JTAG-SMT2NC 210308A3B41C"} -index 0
rst -processor
targets -set -nocase -filter {name =~ "microblaze*#0" && bscan=="USER2"  && jtag_cable_name =~ "Digilent JTAG-SMT2NC 210308A3B41C"} -index 0
dow /home/hectorh/Documents/projects/sarao/skarab2/kutlengrepo/kutleng_skarab2_control_software/casperbsp/mblazecasperfpga/ecplisews/testharness/Debug/testharness.elf
----------------End of Script----------------

11:21:19 INFO  : Disconnected from the channel tcfchan#5.
11:21:20 INFO  : 'targets -set -filter {jtag_cable_name =~ "Digilent JTAG-SMT2NC 210308A3B41C" && level==0} -index 0' command is executed.
11:21:20 INFO  : 'fpga -state' command is executed.
11:21:20 INFO  : Connected to target on host '127.0.0.1' and port '3121'.
11:21:20 INFO  : Jtag cable 'Digilent JTAG-SMT2NC 210308A3B41C' is selected.
11:21:20 INFO  : 'jtag frequency' command is executed.
11:21:20 INFO  : 'configparams mdm-detect-bscan-mask 2' command is executed.
11:21:20 INFO  : Context for processor 'microblaze_0' is selected.
11:21:20 INFO  : Processor reset is completed for 'microblaze_0'.
11:21:20 INFO  : Context for processor 'microblaze_0' is selected.
11:21:20 INFO  : The application '/home/hectorh/Documents/projects/sarao/skarab2/kutlengrepo/kutleng_skarab2_control_software/casperbsp/mblazecasperfpga/ecplisews/testharness/Debug/testharness.elf' is downloaded to processor 'microblaze_0'.
11:21:20 INFO  : ----------------XSDB Script----------------
connect -url tcp:127.0.0.1:3121
configparams mdm-detect-bscan-mask 2
targets -set -nocase -filter {name =~ "microblaze*#0" && bscan=="USER2"  && jtag_cable_name =~ "Digilent JTAG-SMT2NC 210308A3B41C"} -index 0
rst -processor
targets -set -nocase -filter {name =~ "microblaze*#0" && bscan=="USER2"  && jtag_cable_name =~ "Digilent JTAG-SMT2NC 210308A3B41C"} -index 0
dow /home/hectorh/Documents/projects/sarao/skarab2/kutlengrepo/kutleng_skarab2_control_software/casperbsp/mblazecasperfpga/ecplisews/testharness/Debug/testharness.elf
----------------End of Script----------------

13:38:47 INFO  : SDK has detected change in the last modified timestamps for source hardware specification file Source:1572430213000,  Project:1572080566000
13:38:47 INFO  : Project gmactop_hw_platform_0's source hardware specification located at /home/hectorh/Documents/projects/sarao/skarab2/kutlengrepo/kutleng_skarab2_control_software/casperbsp/mblazecasperfpga/gmactop.hdf is now different from the local copy.
		 The local copy will be replaced with the source specification and your workspace will be updated.
13:38:51 INFO  : Copied contents of /home/hectorh/Documents/projects/sarao/skarab2/kutlengrepo/kutleng_skarab2_control_software/casperbsp/mblazecasperfpga/gmactop.hdf into /gmactop_hw_platform_0/system.hdf.
13:38:52 INFO  : Synchronizing projects in the workspace with the hardware platform specification changes.
13:38:53 INFO  : 
13:38:53 INFO  : Updating hardware inferred compiler options for testharness.
13:38:54 INFO  : Clearing existing target manager status.
13:39:04 INFO  : Disconnected from the channel tcfchan#6.
13:39:50 INFO  : Connected to target on host '127.0.0.1' and port '3121'.
13:39:50 INFO  : 'targets -set -filter {jtag_cable_name =~ "Digilent JTAG-SMT2NC 210308A3B41C" && level==0} -index 0' command is executed.
13:40:35 INFO  : FPGA configured successfully with bitstream "/home/hectorh/Documents/projects/sarao/skarab2/kutlengrepo/kutleng_skarab2_control_software/casperbsp/mblazecasperfpga/ecplisews/gmactop_hw_platform_0/download.bit"
14:28:17 INFO  : 'targets -set -filter {jtag_cable_name =~ "Digilent JTAG-SMT2NC 210308A3B41C" && level==0} -index 0' command is executed.
14:28:17 INFO  : 'fpga -state' command is executed.
14:28:17 INFO  : Connected to target on host '127.0.0.1' and port '3121'.
14:28:17 INFO  : Jtag cable 'Digilent JTAG-SMT2NC 210308A3B41C' is selected.
14:28:17 INFO  : 'jtag frequency' command is executed.
14:28:17 INFO  : 'configparams mdm-detect-bscan-mask 2' command is executed.
14:28:17 INFO  : Context for processor 'microblaze_0' is selected.
14:28:17 INFO  : Processor reset is completed for 'microblaze_0'.
14:28:17 INFO  : Context for processor 'microblaze_0' is selected.
14:28:17 INFO  : The application '/home/hectorh/Documents/projects/sarao/skarab2/kutlengrepo/kutleng_skarab2_control_software/casperbsp/mblazecasperfpga/ecplisews/testharness/Debug/testharness.elf' is downloaded to processor 'microblaze_0'.
14:28:17 INFO  : ----------------XSDB Script----------------
connect -url tcp:127.0.0.1:3121
configparams mdm-detect-bscan-mask 2
targets -set -nocase -filter {name =~ "microblaze*#0" && bscan=="USER2"  && jtag_cable_name =~ "Digilent JTAG-SMT2NC 210308A3B41C"} -index 0
rst -processor
targets -set -nocase -filter {name =~ "microblaze*#0" && bscan=="USER2"  && jtag_cable_name =~ "Digilent JTAG-SMT2NC 210308A3B41C"} -index 0
dow /home/hectorh/Documents/projects/sarao/skarab2/kutlengrepo/kutleng_skarab2_control_software/casperbsp/mblazecasperfpga/ecplisews/testharness/Debug/testharness.elf
----------------End of Script----------------

14:33:30 INFO  : Disconnected from the channel tcfchan#7.
14:33:31 INFO  : 'targets -set -filter {jtag_cable_name =~ "Digilent JTAG-SMT2NC 210308A3B41C" && level==0} -index 0' command is executed.
14:33:31 INFO  : 'fpga -state' command is executed.
14:33:31 INFO  : Connected to target on host '127.0.0.1' and port '3121'.
14:33:31 INFO  : Jtag cable 'Digilent JTAG-SMT2NC 210308A3B41C' is selected.
14:33:31 INFO  : 'jtag frequency' command is executed.
14:33:31 INFO  : 'configparams mdm-detect-bscan-mask 2' command is executed.
14:33:31 INFO  : Context for processor 'microblaze_0' is selected.
14:33:31 INFO  : Processor reset is completed for 'microblaze_0'.
14:33:31 INFO  : Context for processor 'microblaze_0' is selected.
14:33:31 INFO  : The application '/home/hectorh/Documents/projects/sarao/skarab2/kutlengrepo/kutleng_skarab2_control_software/casperbsp/mblazecasperfpga/ecplisews/testharness/Debug/testharness.elf' is downloaded to processor 'microblaze_0'.
14:33:31 INFO  : ----------------XSDB Script----------------
connect -url tcp:127.0.0.1:3121
configparams mdm-detect-bscan-mask 2
targets -set -nocase -filter {name =~ "microblaze*#0" && bscan=="USER2"  && jtag_cable_name =~ "Digilent JTAG-SMT2NC 210308A3B41C"} -index 0
rst -processor
targets -set -nocase -filter {name =~ "microblaze*#0" && bscan=="USER2"  && jtag_cable_name =~ "Digilent JTAG-SMT2NC 210308A3B41C"} -index 0
dow /home/hectorh/Documents/projects/sarao/skarab2/kutlengrepo/kutleng_skarab2_control_software/casperbsp/mblazecasperfpga/ecplisews/testharness/Debug/testharness.elf
----------------End of Script----------------

14:35:56 INFO  : Disconnected from the channel tcfchan#8.
14:35:56 INFO  : 'targets -set -filter {jtag_cable_name =~ "Digilent JTAG-SMT2NC 210308A3B41C" && level==0} -index 0' command is executed.
14:35:56 INFO  : 'fpga -state' command is executed.
14:35:56 INFO  : Connected to target on host '127.0.0.1' and port '3121'.
14:35:56 INFO  : Jtag cable 'Digilent JTAG-SMT2NC 210308A3B41C' is selected.
14:35:56 INFO  : 'jtag frequency' command is executed.
14:35:56 INFO  : 'configparams mdm-detect-bscan-mask 2' command is executed.
14:35:56 INFO  : Context for processor 'microblaze_0' is selected.
14:35:56 INFO  : Processor reset is completed for 'microblaze_0'.
14:35:56 INFO  : Context for processor 'microblaze_0' is selected.
14:35:56 INFO  : The application '/home/hectorh/Documents/projects/sarao/skarab2/kutlengrepo/kutleng_skarab2_control_software/casperbsp/mblazecasperfpga/ecplisews/testharness/Debug/testharness.elf' is downloaded to processor 'microblaze_0'.
14:35:56 INFO  : ----------------XSDB Script----------------
connect -url tcp:127.0.0.1:3121
configparams mdm-detect-bscan-mask 2
targets -set -nocase -filter {name =~ "microblaze*#0" && bscan=="USER2"  && jtag_cable_name =~ "Digilent JTAG-SMT2NC 210308A3B41C"} -index 0
rst -processor
targets -set -nocase -filter {name =~ "microblaze*#0" && bscan=="USER2"  && jtag_cable_name =~ "Digilent JTAG-SMT2NC 210308A3B41C"} -index 0
dow /home/hectorh/Documents/projects/sarao/skarab2/kutlengrepo/kutleng_skarab2_control_software/casperbsp/mblazecasperfpga/ecplisews/testharness/Debug/testharness.elf
----------------End of Script----------------

14:49:50 INFO  : Disconnected from the channel tcfchan#9.
14:49:51 INFO  : 'targets -set -filter {jtag_cable_name =~ "Digilent JTAG-SMT2NC 210308A3B41C" && level==0} -index 0' command is executed.
14:49:51 INFO  : 'fpga -state' command is executed.
14:49:51 INFO  : Connected to target on host '127.0.0.1' and port '3121'.
14:49:51 INFO  : Jtag cable 'Digilent JTAG-SMT2NC 210308A3B41C' is selected.
14:49:51 INFO  : 'jtag frequency' command is executed.
14:49:51 INFO  : 'configparams mdm-detect-bscan-mask 2' command is executed.
14:49:51 INFO  : Context for processor 'microblaze_0' is selected.
14:49:51 INFO  : Processor reset is completed for 'microblaze_0'.
14:49:51 INFO  : Context for processor 'microblaze_0' is selected.
14:49:51 INFO  : The application '/home/hectorh/Documents/projects/sarao/skarab2/kutlengrepo/kutleng_skarab2_control_software/casperbsp/mblazecasperfpga/ecplisews/testharness/Debug/testharness.elf' is downloaded to processor 'microblaze_0'.
14:49:51 INFO  : ----------------XSDB Script----------------
connect -url tcp:127.0.0.1:3121
configparams mdm-detect-bscan-mask 2
targets -set -nocase -filter {name =~ "microblaze*#0" && bscan=="USER2"  && jtag_cable_name =~ "Digilent JTAG-SMT2NC 210308A3B41C"} -index 0
rst -processor
targets -set -nocase -filter {name =~ "microblaze*#0" && bscan=="USER2"  && jtag_cable_name =~ "Digilent JTAG-SMT2NC 210308A3B41C"} -index 0
dow /home/hectorh/Documents/projects/sarao/skarab2/kutlengrepo/kutleng_skarab2_control_software/casperbsp/mblazecasperfpga/ecplisews/testharness/Debug/testharness.elf
----------------End of Script----------------

15:50:12 INFO  : Disconnected from the channel tcfchan#10.
15:52:33 INFO  : SDK has detected change in the last modified timestamps for source hardware specification file Source:1572443446000,  Project:1572430213000
15:52:33 INFO  : Project gmactop_hw_platform_0's source hardware specification located at /home/hectorh/Documents/projects/sarao/skarab2/kutlengrepo/kutleng_skarab2_control_software/casperbsp/mblazecasperfpga/gmactop.hdf is now different from the local copy.
		 The local copy will be replaced with the source specification and your workspace will be updated.
15:52:36 INFO  : Copied contents of /home/hectorh/Documents/projects/sarao/skarab2/kutlengrepo/kutleng_skarab2_control_software/casperbsp/mblazecasperfpga/gmactop.hdf into /gmactop_hw_platform_0/system.hdf.
15:52:37 INFO  : Synchronizing projects in the workspace with the hardware platform specification changes.
15:52:38 INFO  : 
15:52:39 INFO  : Updating hardware inferred compiler options for testharness.
15:52:39 INFO  : Clearing existing target manager status.
15:52:39 INFO  : Closing and re-opening the MSS file of ther project testharness_bsp
15:52:39 INFO  : Workspace synchronized with the new hardware specification file. Cleaning dependent projects...
15:52:39 WARN  : Linker script will not be updated automatically. Users need to update it manually.
15:53:37 INFO  : Connected to target on host '127.0.0.1' and port '3121'.
15:53:37 INFO  : 'targets -set -filter {jtag_cable_name =~ "Digilent JTAG-SMT2NC 210308A3B41C" && level==0} -index 0' command is executed.
15:54:23 INFO  : FPGA configured successfully with bitstream "/home/hectorh/Documents/projects/sarao/skarab2/kutlengrepo/kutleng_skarab2_control_software/casperbsp/mblazecasperfpga/ecplisews/gmactop_hw_platform_0/download.bit"
15:54:38 INFO  : 'targets -set -filter {jtag_cable_name =~ "Digilent JTAG-SMT2NC 210308A3B41C" && level==0} -index 0' command is executed.
15:54:38 INFO  : 'fpga -state' command is executed.
15:54:38 INFO  : Connected to target on host '127.0.0.1' and port '3121'.
15:54:38 INFO  : Jtag cable 'Digilent JTAG-SMT2NC 210308A3B41C' is selected.
15:54:38 INFO  : 'jtag frequency' command is executed.
15:54:38 INFO  : 'configparams mdm-detect-bscan-mask 2' command is executed.
15:54:38 INFO  : Context for processor 'microblaze_0' is selected.
15:54:38 INFO  : Processor reset is completed for 'microblaze_0'.
15:54:38 INFO  : Context for processor 'microblaze_0' is selected.
15:54:38 INFO  : The application '/home/hectorh/Documents/projects/sarao/skarab2/kutlengrepo/kutleng_skarab2_control_software/casperbsp/mblazecasperfpga/ecplisews/testharness/Debug/testharness.elf' is downloaded to processor 'microblaze_0'.
15:54:38 INFO  : ----------------XSDB Script----------------
connect -url tcp:127.0.0.1:3121
configparams mdm-detect-bscan-mask 2
targets -set -nocase -filter {name =~ "microblaze*#0" && bscan=="USER2"  && jtag_cable_name =~ "Digilent JTAG-SMT2NC 210308A3B41C"} -index 0
rst -processor
targets -set -nocase -filter {name =~ "microblaze*#0" && bscan=="USER2"  && jtag_cable_name =~ "Digilent JTAG-SMT2NC 210308A3B41C"} -index 0
dow /home/hectorh/Documents/projects/sarao/skarab2/kutlengrepo/kutleng_skarab2_control_software/casperbsp/mblazecasperfpga/ecplisews/testharness/Debug/testharness.elf
----------------End of Script----------------

16:43:05 INFO  : SDK has detected change in the last modified timestamps for source hardware specification file Source:1572446380000,  Project:1572443446000
16:43:05 INFO  : Project gmactop_hw_platform_0's source hardware specification located at /home/hectorh/Documents/projects/sarao/skarab2/kutlengrepo/kutleng_skarab2_control_software/casperbsp/mblazecasperfpga/gmactop.hdf is now different from the local copy.
		 The local copy will be replaced with the source specification and your workspace will be updated.
16:43:27 INFO  : Copied contents of /home/hectorh/Documents/projects/sarao/skarab2/kutlengrepo/kutleng_skarab2_control_software/casperbsp/mblazecasperfpga/gmactop.hdf into /gmactop_hw_platform_0/system.hdf.
16:43:28 INFO  : Synchronizing projects in the workspace with the hardware platform specification changes.
16:43:29 INFO  : 
16:43:30 INFO  : Updating hardware inferred compiler options for testharness.
16:43:30 INFO  : Clearing existing target manager status.
16:43:30 INFO  : Closing and re-opening the MSS file of ther project testharness_bsp
16:43:30 INFO  : Workspace synchronized with the new hardware specification file. Cleaning dependent projects...
16:43:30 WARN  : Linker script will not be updated automatically. Users need to update it manually.
16:44:56 INFO  : Connected to target on host '127.0.0.1' and port '3121'.
16:44:56 INFO  : 'targets -set -filter {jtag_cable_name =~ "Digilent JTAG-SMT2NC 210308A3B41C" && level==0} -index 0' command is executed.
16:45:41 INFO  : FPGA configured successfully with bitstream "/home/hectorh/Documents/projects/sarao/skarab2/kutlengrepo/kutleng_skarab2_control_software/casperbsp/mblazecasperfpga/ecplisews/gmactop_hw_platform_0/download.bit"
16:46:39 INFO  : Disconnected from the channel tcfchan#11.
16:46:39 INFO  : 'targets -set -filter {jtag_cable_name =~ "Digilent JTAG-SMT2NC 210308A3B41C" && level==0} -index 0' command is executed.
16:46:39 INFO  : 'fpga -state' command is executed.
16:46:39 INFO  : Connected to target on host '127.0.0.1' and port '3121'.
16:46:39 INFO  : Jtag cable 'Digilent JTAG-SMT2NC 210308A3B41C' is selected.
16:46:39 INFO  : 'jtag frequency' command is executed.
16:46:39 INFO  : 'configparams mdm-detect-bscan-mask 2' command is executed.
16:46:39 INFO  : Context for processor 'microblaze_0' is selected.
16:46:39 INFO  : Processor reset is completed for 'microblaze_0'.
16:46:39 INFO  : Context for processor 'microblaze_0' is selected.
16:46:39 INFO  : The application '/home/hectorh/Documents/projects/sarao/skarab2/kutlengrepo/kutleng_skarab2_control_software/casperbsp/mblazecasperfpga/ecplisews/testharness/Debug/testharness.elf' is downloaded to processor 'microblaze_0'.
16:46:39 INFO  : ----------------XSDB Script----------------
connect -url tcp:127.0.0.1:3121
configparams mdm-detect-bscan-mask 2
targets -set -nocase -filter {name =~ "microblaze*#0" && bscan=="USER2"  && jtag_cable_name =~ "Digilent JTAG-SMT2NC 210308A3B41C"} -index 0
rst -processor
targets -set -nocase -filter {name =~ "microblaze*#0" && bscan=="USER2"  && jtag_cable_name =~ "Digilent JTAG-SMT2NC 210308A3B41C"} -index 0
dow /home/hectorh/Documents/projects/sarao/skarab2/kutlengrepo/kutleng_skarab2_control_software/casperbsp/mblazecasperfpga/ecplisews/testharness/Debug/testharness.elf
----------------End of Script----------------

02:06:23 INFO  : Disconnected from the channel tcfchan#12.
02:51:14 INFO  : 'targets -set -filter {jtag_cable_name =~ "Digilent JTAG-SMT2NC 210308A3B41C" && level==0} -index 0' command is executed.
02:51:14 INFO  : 'fpga -state' command is executed.
02:51:14 INFO  : Connected to target on host '127.0.0.1' and port '3121'.
02:51:14 INFO  : Jtag cable 'Digilent JTAG-SMT2NC 210308A3B41C' is selected.
02:51:14 INFO  : 'jtag frequency' command is executed.
02:51:14 INFO  : 'configparams mdm-detect-bscan-mask 2' command is executed.
02:51:14 INFO  : Context for processor 'microblaze_0' is selected.
02:51:14 INFO  : Processor reset is completed for 'microblaze_0'.
02:51:14 INFO  : Context for processor 'microblaze_0' is selected.
02:51:14 INFO  : The application '/home/hectorh/Documents/projects/sarao/skarab2/kutlengrepo/kutleng_skarab2_control_software/casperbsp/mblazecasperfpga/ecplisews/testharness/Debug/testharness.elf' is downloaded to processor 'microblaze_0'.
02:51:14 INFO  : ----------------XSDB Script----------------
connect -url tcp:127.0.0.1:3121
configparams mdm-detect-bscan-mask 2
targets -set -nocase -filter {name =~ "microblaze*#0" && bscan=="USER2"  && jtag_cable_name =~ "Digilent JTAG-SMT2NC 210308A3B41C"} -index 0
rst -processor
targets -set -nocase -filter {name =~ "microblaze*#0" && bscan=="USER2"  && jtag_cable_name =~ "Digilent JTAG-SMT2NC 210308A3B41C"} -index 0
dow /home/hectorh/Documents/projects/sarao/skarab2/kutlengrepo/kutleng_skarab2_control_software/casperbsp/mblazecasperfpga/ecplisews/testharness/Debug/testharness.elf
----------------End of Script----------------

02:55:56 INFO  : Disconnected from the channel tcfchan#13.
02:55:56 INFO  : 'targets -set -filter {jtag_cable_name =~ "Digilent JTAG-SMT2NC 210308A3B41C" && level==0} -index 0' command is executed.
02:55:56 INFO  : 'fpga -state' command is executed.
02:55:56 INFO  : Connected to target on host '127.0.0.1' and port '3121'.
02:55:56 INFO  : Jtag cable 'Digilent JTAG-SMT2NC 210308A3B41C' is selected.
02:55:56 INFO  : 'jtag frequency' command is executed.
02:55:56 INFO  : 'configparams mdm-detect-bscan-mask 2' command is executed.
02:55:56 INFO  : Context for processor 'microblaze_0' is selected.
02:55:57 INFO  : Processor reset is completed for 'microblaze_0'.
02:55:57 INFO  : Context for processor 'microblaze_0' is selected.
02:55:57 INFO  : The application '/home/hectorh/Documents/projects/sarao/skarab2/kutlengrepo/kutleng_skarab2_control_software/casperbsp/mblazecasperfpga/ecplisews/testharness/Debug/testharness.elf' is downloaded to processor 'microblaze_0'.
02:55:57 INFO  : ----------------XSDB Script----------------
connect -url tcp:127.0.0.1:3121
configparams mdm-detect-bscan-mask 2
targets -set -nocase -filter {name =~ "microblaze*#0" && bscan=="USER2"  && jtag_cable_name =~ "Digilent JTAG-SMT2NC 210308A3B41C"} -index 0
rst -processor
targets -set -nocase -filter {name =~ "microblaze*#0" && bscan=="USER2"  && jtag_cable_name =~ "Digilent JTAG-SMT2NC 210308A3B41C"} -index 0
dow /home/hectorh/Documents/projects/sarao/skarab2/kutlengrepo/kutleng_skarab2_control_software/casperbsp/mblazecasperfpga/ecplisews/testharness/Debug/testharness.elf
----------------End of Script----------------

03:00:32 INFO  : Disconnected from the channel tcfchan#14.
03:00:32 INFO  : 'targets -set -filter {jtag_cable_name =~ "Digilent JTAG-SMT2NC 210308A3B41C" && level==0} -index 0' command is executed.
03:00:32 INFO  : 'fpga -state' command is executed.
03:00:32 INFO  : Connected to target on host '127.0.0.1' and port '3121'.
03:00:32 INFO  : Jtag cable 'Digilent JTAG-SMT2NC 210308A3B41C' is selected.
03:00:32 INFO  : 'jtag frequency' command is executed.
03:00:32 INFO  : 'configparams mdm-detect-bscan-mask 2' command is executed.
03:00:32 INFO  : Context for processor 'microblaze_0' is selected.
03:00:32 INFO  : Processor reset is completed for 'microblaze_0'.
03:00:32 INFO  : Context for processor 'microblaze_0' is selected.
03:00:33 INFO  : The application '/home/hectorh/Documents/projects/sarao/skarab2/kutlengrepo/kutleng_skarab2_control_software/casperbsp/mblazecasperfpga/ecplisews/testharness/Debug/testharness.elf' is downloaded to processor 'microblaze_0'.
03:00:33 INFO  : ----------------XSDB Script----------------
connect -url tcp:127.0.0.1:3121
configparams mdm-detect-bscan-mask 2
targets -set -nocase -filter {name =~ "microblaze*#0" && bscan=="USER2"  && jtag_cable_name =~ "Digilent JTAG-SMT2NC 210308A3B41C"} -index 0
rst -processor
targets -set -nocase -filter {name =~ "microblaze*#0" && bscan=="USER2"  && jtag_cable_name =~ "Digilent JTAG-SMT2NC 210308A3B41C"} -index 0
dow /home/hectorh/Documents/projects/sarao/skarab2/kutlengrepo/kutleng_skarab2_control_software/casperbsp/mblazecasperfpga/ecplisews/testharness/Debug/testharness.elf
----------------End of Script----------------

10:21:13 INFO  : SDK has detected change in the last modified timestamps for source hardware specification file Source:1572487638000,  Project:1572446380000
10:21:13 INFO  : Project gmactop_hw_platform_0's source hardware specification located at /home/hectorh/Documents/projects/sarao/skarab2/kutlengrepo/kutleng_skarab2_control_software/casperbsp/mblazecasperfpga/gmactop.hdf is now different from the local copy.
		 The local copy will be replaced with the source specification and your workspace will be updated.
10:21:16 INFO  : Copied contents of /home/hectorh/Documents/projects/sarao/skarab2/kutlengrepo/kutleng_skarab2_control_software/casperbsp/mblazecasperfpga/gmactop.hdf into /gmactop_hw_platform_0/system.hdf.
10:21:16 INFO  : Synchronizing projects in the workspace with the hardware platform specification changes.
10:21:17 INFO  : 
10:21:18 INFO  : Updating hardware inferred compiler options for testharness.
10:21:18 INFO  : Clearing existing target manager status.
10:21:18 INFO  : Closing and re-opening the MSS file of ther project testharness_bsp
10:21:18 INFO  : Workspace synchronized with the new hardware specification file. Cleaning dependent projects...
10:21:19 WARN  : Linker script will not be updated automatically. Users need to update it manually.
13:10:21 INFO  : Launching XSCT server: xsct -n -interactive /home/hectorh/Documents/projects/sarao/skarab2/kutlengrepo/kutleng_skarab2_control_software/casperbsp/mblazecasperfpga/ecplisews/temp_xsdb_launch_script.tcl
13:10:23 INFO  : XSCT server has started successfully.
13:10:23 INFO  : Successfully done setting XSCT server connection channel  
13:10:23 INFO  : Successfully done setting SDK workspace  
13:10:26 INFO  : Registering command handlers for SDK TCF services
